# Server version 0.08 running on Murko:8123
# Game ID: 75
# Board class: Saboteur.SaboteurBoard
# Timeout: 20000
# First Move Timeout: 30000
# Date: Wed Apr 08 20:41:10 EDT 2020
# Player 1: Player-0, 'RandomPlayer', running on 127.0.0.1
# Player 2: Player-1, '260714814', running on 127.0.0.1
START Player-0 RandomPlayer
START Player-1 260714814
BoardInit:Tile:6,Bonus,Tile:11,Map,Tile:7,Tile:7,Destroy,Tile:13,Tile:6,Map,Destroy,Tile:6,Tile:0,Tile:0,Tile:9,Tile:8,Tile:2,Tile:9,Tile:12,Tile:10,Tile:4,Tile:1,Tile:6,Tile:7,Tile:5,Map,Bonus,Tile:14,Tile:7,Tile:5,Bonus,Tile:9,Tile:8,Tile:10,Map,Tile:8,Map,Tile:5,Malus,Tile:15,Tile:0-Map,Tile:3,Tile:0,Bonus,Tile:6,Tile:10,Tile:8-Destroy,Tile:9,Tile:8,Tile:7,Malus,Tile:5,Tile:9-Tile:nugget,Tile:hidden2,Tile:hidden1
Map 12 3 1
Tile:9 5 4 0
Tile:3 5 3 1
Tile:5_flip 6 5 0
Tile:6 5 6 1
Tile:9_flip 6 4 0
Tile:0 4 3 1
Destroy 5 3 0
Tile:8 5 3 1
Tile:7 6 6 0
Tile:10 5 2 1
Tile:8 4 6 0
Tile:6 3 3 1
Tile:13 6 7 0
Tile:11 3 2 1
Tile:6_flip 3 6 0
Tile:7 3 1 1
Tile:8 2 6 0
Tile:6 2 7 1
Tile:0 1 7 0
Tile:0 1 6 1
Tile:9_flip 3 7 0
Tile:9 0 6 1
Tile:10 2 5 0
Tile:2 0 5 1
Map 12 5 0
Tile:12 1 5 1
Map 12 7 0
Tile:4 2 4 1
Tile:7_flip 6 8 0
Tile:6 0 7 1
Drop 2 0 0
Tile:5 2 1 1
Tile:7_flip 3 8 0
Tile:7 4 8 1
Drop 5 0 0
Map 12 5 1
Drop 3 0 0
Map 12 7 1
Tile:5_flip 7 8 0
Tile:8 4 9 1
Tile:8 4 10 0
Tile:0 2 3 1
Tile:15 5 1 0
Drop 1 0 1
Tile:5_flip 2 2 0
Destroy 6 4 1
Map 12 5 0
Malus 0 0 1
Drop 1 0 0
Drop 1 0 1
Malus 0 0 0
Bonus 0 0 1
Drop 0 0 0
Drop 0 0 1
GAMEOVER DRAW
# Game ended: Wed Apr 08 20:41:13 EDT 2020
