# Server version 0.08 running on Murko:8123
# Game ID: 66
# Board class: Saboteur.SaboteurBoard
# Timeout: 20000
# First Move Timeout: 30000
# Date: Wed Apr 08 19:53:39 EDT 2020
# Player 1: Player-0, 'RandomPlayer', running on 127.0.0.1
# Player 2: Player-1, '260714814', running on 127.0.0.1
START Player-0 RandomPlayer
START Player-1 260714814
BoardInit:Tile:13,Tile:9,Tile:14,Tile:7,Tile:0,Tile:9,Tile:12,Tile:11,Map,Tile:0,Tile:1,Bonus,Tile:8,Tile:5,Tile:4,Destroy,Tile:3,Tile:2,Tile:6,Tile:10,Tile:6,Tile:0,Tile:8,Tile:6,Map,Tile:7,Destroy,Malus,Tile:7,Map,Tile:8,Tile:8,Tile:9,Map,Bonus,Tile:15,Tile:7,Tile:5,Tile:9,Tile:6,Malus-Tile:0,Tile:7,Bonus,Tile:5,Destroy,Tile:6,Tile:5-Tile:9,Bonus,Tile:10,Map,Map,Tile:8,Tile:10-Tile:hidden1,Tile:hidden2,Tile:nugget
Tile:5 4 5 1
Map 12 3 0
Tile:6 6 5 1
Tile:9_flip 4 6 0
Tile:13 5 4 1
Tile:7_flip 4 4 0
Tile:0 3 6 1
Drop 2 0 0
Destroy 4 5 1
Tile:8 7 5 0
GAMEOVER DISCONNECTION Player-0 WINNER 1
# Game ended: Wed Apr 08 19:55:25 EDT 2020
