# Server version 0.08 running on Murko:8123
# Game ID: 65
# Board class: Saboteur.SaboteurBoard
# Timeout: 20000
# First Move Timeout: 30000
# Date: Wed Apr 08 19:51:47 EDT 2020
# Player 1: Player-0, 'RandomPlayer', running on 127.0.0.1
# Player 2: Player-1, '260714814', running on 127.0.0.1
START Player-0 RandomPlayer
START Player-1 260714814
BoardInit:Tile:6,Bonus,Map,Bonus,Tile:7,Tile:3,Tile:8,Tile:9,Tile:12,Tile:6,Tile:0,Tile:6,Tile:6,Tile:0,Tile:7,Tile:8,Map,Tile:11,Tile:8,Tile:7,Tile:7,Malus,Tile:9,Tile:4,Tile:9,Tile:2,Bonus,Map,Tile:14,Tile:13,Tile:5,Bonus,Tile:10,Tile:0,Malus,Tile:8,Tile:9,Tile:1,Map,Tile:10,Tile:6-Tile:5,Tile:5,Tile:7,Destroy,Map,Destroy,Destroy-Tile:10,Tile:5,Tile:8,Map,Tile:9,Tile:15,Tile:0-Tile:nugget,Tile:hidden1,Tile:hidden2
Map 12 3 1
Map 12 3 0
Drop 2 0 1
Tile:0 6 5 0
Map 12 5 1
Tile:9_flip 7 5 0
Tile:6_flip 5 4 1
Tile:10 7 4 0
Destroy 5 4 1
Tile:5 4 5 0
Tile:5 7 3 1
Tile:6 5 6 0
GAMEOVER DISCONNECTION Player-0 WINNER 1
# Game ended: Wed Apr 08 19:53:33 EDT 2020
