# Server version 0.08 running on Murko:8123
# Game ID: 14
# Board class: Saboteur.SaboteurBoard
# Timeout: 20000
# First Move Timeout: 30000
# Date: Wed Apr 08 14:18:43 EDT 2020
# Player 1: Player-0, 'RandomPlayer', running on 127.0.0.1
# Player 2: Player-1, '260714814', running on 127.0.0.1
START Player-0 RandomPlayer
START Player-1 260714814
BoardInit:Tile:2,Tile:10,Tile:9,Tile:5,Tile:8,Bonus,Malus,Tile:6,Tile:7,Tile:10,Map,Tile:9,Tile:7,Tile:0,Tile:14,Tile:13,Destroy,Tile:8,Tile:3,Tile:5,Tile:8,Tile:1,Tile:9,Tile:7,Tile:9,Tile:15,Tile:7,Malus,Destroy,Tile:11,Map,Map,Tile:6,Map,Bonus,Map,Bonus,Tile:0,Tile:10,Tile:0,Tile:9-Tile:5,Map,Tile:6,Tile:0,Tile:6,Tile:8,Bonus-Tile:12,Tile:4,Tile:7,Tile:6,Destroy,Tile:5,Tile:8-Tile:hidden1,Tile:nugget,Tile:hidden2
Drop 1 0 1
Tile:12_flip 4 5 0
Tile:5_flip 6 5 1
Tile:10 5 6 0
Tile:6_flip 6 4 1
Drop 4 0 0
Drop 4 0 1
Tile:5 5 4 0
Drop 4 0 1
Drop 3 0 0
Drop 0 0 1
Tile:4_flip 5 7 0
Tile:6_flip 7 4 1
Drop 4 0 0
