# Server version 0.08 running on Murko:8123
# Game ID: 72
# Board class: Saboteur.SaboteurBoard
# Timeout: 20000
# First Move Timeout: 30000
# Date: Wed Apr 08 20:37:36 EDT 2020
# Player 1: Player-0, '260714814', running on 127.0.0.1
# Player 2: Player-1, 'RandomPlayer', running on 127.0.0.1
START Player-0 260714814
START Player-1 RandomPlayer
BoardInit:Tile:7,Tile:3,Tile:10,Tile:11,Bonus,Map,Tile:6,Tile:6,Map,Malus,Destroy,Tile:14,Map,Malus,Tile:5,Tile:8,Tile:0,Bonus,Tile:9,Tile:9,Destroy,Tile:9,Tile:10,Bonus,Tile:5,Tile:9,Tile:2,Tile:15,Tile:12,Tile:6,Tile:0,Bonus,Map,Tile:10,Map,Tile:7,Tile:5,Tile:7,Tile:6,Tile:8,Tile:5-Tile:13,Tile:9,Tile:4,Tile:0,Tile:7,Tile:8,Tile:1-Destroy,Tile:0,Map,Tile:8,Tile:7,Tile:6,Tile:8-Tile:hidden2,Tile:nugget,Tile:hidden1
Tile:8 6 5 1
Map 12 3 0
Tile:13 5 6 1
Tile:8 5 4 0
Tile:9_flip 6 4 1
Tile:0 4 4 0
Tile:10 5 7 1
Map 12 5 0
Tile:7_flip 3 4 1
Tile:7 3 3 0
Tile:7_flip 5 8 1
Tile:6 2 3 0
Tile:6_flip 6 8 1
Tile:8 2 2 0
Tile:0 4 5 1
Tile:3 2 1 0
Map 12 5 1
Tile:11 1 1 0
Tile:5_flip 3 2 1
Tile:6 1 2 0
Tile:9_flip 6 3 1
Tile:14 6 6 0
Tile:0 3 5 1
Tile:8 1 0 0
Drop 3 0 1
Tile:9 0 0 0
Map 12 3 1
Tile:9 0 2 0
Destroy 3 2 1
Tile:9 0 3 0
Drop 1 0 1
Tile:15 0 1 0
Tile:0 7 8 1
Tile:6 0 4 0
Tile:12 2 0 1
Tile:10 6 2 0
Tile:2_flip 3 2 1
Tile:7 1 4 0
Tile:5_flip 8 8 1
Tile:7 4 2 0
Map 12 5 1
Tile:8 1 5 0
Tile:5 3 1 1
Destroy 2 0 0
Drop 4 0 1
Malus 0 0 0
Drop 0 0 1
Malus 0 0 0
Bonus 0 0 1
Drop 1 0 0
Map 12 3 1
Drop 1 0 0
Drop 1 0 1
Drop 0 0 0
Drop 0 0 1
GAMEOVER DRAW
# Game ended: Wed Apr 08 20:37:38 EDT 2020
