# Server version 0.08 running on Murko:8123
# Game ID: 70
# Board class: Saboteur.SaboteurBoard
# Timeout: 20000
# First Move Timeout: 30000
# Date: Wed Apr 08 20:30:39 EDT 2020
# Player 1: Player-0, '260714814', running on 127.0.0.1
# Player 2: Player-1, 'RandomPlayer', running on 127.0.0.1
START Player-0 260714814
START Player-1 RandomPlayer
BoardInit:Bonus,Tile:8,Tile:0,Tile:15,Map,Tile:6,Tile:7,Tile:5,Tile:12,Destroy,Tile:9,Tile:10,Tile:6,Tile:7,Bonus,Tile:3,Tile:8,Tile:0,Destroy,Tile:4,Bonus,Tile:2,Tile:10,Map,Tile:6,Bonus,Tile:5,Malus,Tile:0,Tile:6,Map,Tile:5,Tile:8,Tile:10,Tile:9,Destroy,Tile:0,Tile:11,Tile:9,Tile:9,Tile:14-Tile:6,Malus,Tile:7,Map,Tile:7,Tile:5,Tile:8-Map,Tile:8,Map,Tile:1,Tile:7,Tile:13,Tile:9-Tile:hidden2,Tile:hidden1,Tile:nugget
Tile:5 4 5 1
Map 12 3 0
Drop 1 0 1
Map 12 5 0
Map 12 7 1
Tile:8 4 6 0
Drop 2 0 1
Tile:1 3 6 0
Tile:7_flip 4 7 1
Tile:7 5 7 0
Drop 2 0 1
Tile:13 2 6 0
Tile:9_flip 2 7 1
Tile:9 2 5 0
Map 12 3 1
Tile:8 2 4 0
Tile:6 5 6 1
Tile:15 2 3 0
Tile:8 1 4 1
Tile:6 0 4 0
Tile:0 1 7 1
Tile:5 0 3 0
Tile:6_flip 6 5 1
Tile:10 5 4 0
Tile:8 5 3 1
Map 12 7 0
Drop 3 0 1
Tile:7 1 3 0
Tile:6_flip 2 2 1
Tile:3 3 2 0
Tile:12_flip 1 6 1
Tile:0 1 2 0
Tile:5_flip 5 8 1
Tile:4 5 2 0
Tile:0 3 4 1
Tile:2 0 7 0
Drop 6 0 1
Tile:6 0 2 0
Tile:7_flip 3 3 1
Tile:5 0 1 0
Tile:0 4 3 1
Tile:10 0 8 0
Tile:14 2 8 1
Tile:11 0 9 0
Drop 1 0 1
Tile:9 0 10 0
Drop 3 0 1
Destroy 6 5 0
Tile:9_flip 6 3 1
Destroy 3 2 0
Tile:10 6 2 1
Drop 1 0 0
Map 12 3 1
Drop 0 0 0
Drop 0 0 1
GAMEOVER DRAW
# Game ended: Wed Apr 08 20:30:42 EDT 2020
