# Server version 0.08 running on Murko:8123
# Game ID: 15
# Board class: Saboteur.SaboteurBoard
# Timeout: 20000
# First Move Timeout: 30000
# Date: Wed Apr 08 14:20:55 EDT 2020
# Player 1: Player-0, 'RandomPlayer', running on 127.0.0.1
# Player 2: Player-1, '260714814', running on 127.0.0.1
START Player-0 RandomPlayer
START Player-1 260714814
BoardInit:Bonus,Tile:4,Map,Tile:0,Tile:10,Tile:0,Tile:9,Tile:9,Tile:10,Map,Malus,Tile:10,Tile:15,Tile:9,Bonus,Tile:0,Tile:0,Map,Tile:7,Tile:5,Tile:3,Tile:7,Tile:9,Tile:8,Tile:13,Tile:6,Destroy,Malus,Tile:6,Tile:11,Tile:5,Map,Tile:8,Tile:5,Tile:14,Tile:6,Tile:12,Tile:7,Tile:6,Tile:7,Tile:2-Destroy,Destroy,Bonus,Tile:8,Map,Map,Tile:8-Tile:9,Tile:1,Bonus,Tile:5,Tile:8,Tile:7,Tile:6-Tile:hidden1,Tile:nugget,Tile:hidden2
Drop 4 0 1
Tile:7_flip 4 5 0
Destroy 4 5 1
Tile:6 6 5 0
Drop 1 0 1
Tile:4 6 4 0
Map 12 3 1
Drop 3 0 0
Tile:9_flip 5 4 1
Tile:9 4 4 0
Drop 0 0 1
Tile:8 5 6 0
Drop 2 0 1
Tile:0 7 5 0
Tile:10 4 3 1
Tile:9 5 3 0
Tile:8 4 6 1
Tile:10 5 2 0
Tile:10 4 7 1
Map 12 7 0
Tile:8 8 5 1
Tile:9 5 7 0
Tile:7 6 6 1
Tile:7 4 2 0
Tile:9_flip 5 8 1
Map 12 7 0
Tile:15 8 6 1
Tile:0 6 3 0
Drop 3 0 1
Tile:1 3 6 0
Tile:13 8 7 1
Tile:0 2 6 0
Tile:3_flip 5 9 1
Tile:6_flip 6 9 0
Tile:6 4 8 1
Tile:11_flip 9 7 0
Tile:5_flip 7 9 1
Tile:5 9 6 0
Tile:14 6 7 1
Tile:6_flip 5 1 0
Tile:6 4 1 1
Tile:8 7 8 0
Destroy 4 4 1
Tile:7_flip 9 8 0
Tile:2_flip 6 1 1
Tile:5 7 7 0
Tile:8 6 0 1
Drop 2 0 0
Tile:12 9 5 1
Tile:7_flip 1 6 0
Map 12 7 1
Malus 0 0 0
Bonus 0 0 1
Drop 0 0 0
Drop 0 0 1
GAMEOVER DRAW
# Game ended: Wed Apr 08 14:29:55 EDT 2020
