# Server version 0.08 running on Murko:8123
# Game ID: 44
# Board class: Saboteur.SaboteurBoard
# Timeout: 20000
# First Move Timeout: 30000
# Date: Wed Apr 08 17:43:50 EDT 2020
# Player 1: Player-0, 'RandomPlayer', running on 127.0.0.1
# Player 2: Player-1, 'RandomPlayer', running on 127.0.0.1
START Player-0 RandomPlayer
START Player-1 RandomPlayer
BoardInit:Tile:1,Tile:9,Tile:8,Map,Tile:6,Tile:7,Tile:3,Tile:6,Tile:10,Tile:8,Tile:6,Tile:8,Tile:6,Tile:9,Tile:0,Map,Tile:4,Map,Tile:5,Tile:14,Tile:7,Tile:9,Tile:5,Tile:2,Tile:8,Destroy,Map,Map,Destroy,Bonus,Tile:7,Tile:5,Tile:11,Tile:10,Bonus,Malus,Map,Tile:13,Bonus,Destroy,Malus-Tile:10,Tile:12,Tile:15,Tile:0,Tile:5,Tile:7,Bonus-Tile:6,Tile:0,Tile:0,Tile:9,Tile:9,Tile:7,Tile:8-Tile:nugget,Tile:hidden2,Tile:hidden1
Tile:5_flip 6 5 1
Tile:9 4 5 0
Drop 5 0 1
Drop 1 0 0
Tile:10 5 4 1
Drop 1 0 0
Drop 3 0 1
Drop 6 0 0
Tile:15 6 4 1
Map 12 5 0
Drop 4 0 1
Tile:9 5 3 0
Tile:10 4 4 1
Tile:8 5 6 0
Tile:6 4 6 1
Tile:9_flip 6 3 0
Drop 1 0 1
Drop 5 0 0
Tile:8 3 6 1
Tile:6_flip 6 6 0
Tile:6_flip 7 6 1
Tile:7 3 5 0
Tile:3_flip 3 7 1
Tile:6_flip 2 6 0
Tile:12 8 6 1
Tile:14_flip 5 2 0
Tile:4_flip 7 7 1
Destroy 6 6 0
Tile:1 6 6 1
Tile:9_flip 6 2 0
Tile:0 2 5 1
Map 12 7 0
Tile:7_flip 1 5 1
Tile:2 6 1 0
Destroy 1 5 1
Tile:8 5 7 0
Tile:11 1 6 1
Tile:10 5 8 0
Tile:7 6 7 1
Tile:8 1 7 0
Tile:5 1 5 1
Destroy 1 6 0
Drop 0 0 1
Tile:13 5 9 0
Drop 4 0 1
Drop 3 0 0
Map 12 5 1
Map 12 3 0
Drop 1 0 1
Map 12 7 0
Tile:8 4 9 1
Malus 0 0 0
Malus 0 0 1
Drop 0 0 0
Map 12 5 1
GAMEOVER DRAW
# Game ended: Wed Apr 08 17:43:51 EDT 2020
