# Server version 0.08 running on Murko:8123
# Game ID: 54
# Board class: Saboteur.SaboteurBoard
# Timeout: 20000
# First Move Timeout: 30000
# Date: Wed Apr 08 18:45:43 EDT 2020
# Player 1: Player-0, 'RandomPlayer', running on 127.0.0.1
# Player 2: Player-1, '260714814', running on 127.0.0.1
START Player-0 RandomPlayer
START Player-1 260714814
BoardInit:Tile:7,Tile:1,Tile:0,Tile:4,Tile:2,Tile:5,Tile:0,Bonus,Tile:8,Tile:7,Tile:6,Map,Destroy,Tile:8,Tile:10,Tile:0,Tile:10,Tile:5,Destroy,Tile:8,Tile:13,Tile:9,Map,Tile:5,Tile:8,Tile:10,Tile:9,Tile:12,Map,Destroy,Map,Tile:0,Tile:14,Tile:6,Tile:7,Bonus,Tile:7,Tile:3,Tile:8,Tile:6,Map-Bonus,Tile:11,Tile:6,Tile:9,Malus,Tile:9,Tile:6-Malus,Map,Tile:9,Tile:5,Bonus,Tile:7,Tile:15-Tile:nugget,Tile:hidden1,Tile:hidden2
Tile:6 6 5 1
Tile:7 7 5 0
Tile:11 7 6 1
Tile:9_flip 5 4 0
Tile:7_flip 5 6 1
Tile:5 6 4 0
Tile:2 8 6 1
Map 12 3 0
Tile:6 7 4 1
Tile:5 4 5 0
Tile:8 9 6 1
Drop 0 0 0
Tile:9 5 3 1
Tile:7_flip 7 7 0
Destroy 9 6 1
Tile:8 9 6 0
Tile:0 10 6 1
Tile:0 11 6 0
Tile:6_flip 12 6 1
Tile:1 4 4 0
Tile:10 7 3 1
Drop 4 0 0
Destroy 7 5 1
Tile:4_flip 4 6 0
Drop 4 0 1
Tile:9 9 7 0
Tile:13 9 5 1
Tile:5_flip 6 3 0
Tile:9_flip 5 2 1
Tile:10 7 2 0
Tile:8 7 1 1
Tile:8 3 4 0
Tile:9_flip 8 4 1
Drop 1 0 0
Tile:14 10 5 1
Tile:12 10 7 0
Map 12 3 1
Tile:0 8 1 0
