# Server version 0.08 running on Murko:8123
# Game ID: 35
# Board class: Saboteur.SaboteurBoard
# Timeout: 20000
# First Move Timeout: 30000
# Date: Wed Apr 08 17:00:48 EDT 2020
# Player 1: Player-0, 'RandomPlayer', running on 127.0.0.1
# Player 2: Player-1, '260714814', running on 127.0.0.1
START Player-0 RandomPlayer
START Player-1 260714814
BoardInit:Tile:5,Map,Tile:9,Tile:14,Tile:4,Map,Map,Tile:0,Tile:7,Tile:12,Tile:0,Tile:13,Map,Tile:5,Tile:3,Bonus,Tile:10,Map,Tile:7,Tile:8,Tile:6,Tile:7,Tile:9,Tile:9,Tile:11,Tile:6,Tile:10,Destroy,Destroy,Tile:6,Tile:9,Tile:15,Destroy,Tile:6,Tile:8,Tile:0,Tile:2,Tile:8,Bonus,Tile:7,Malus-Tile:5,Tile:1,Tile:7,Malus,Bonus,Tile:9,Bonus-Tile:0,Tile:5,Tile:10,Tile:8,Tile:8,Map,Tile:6-Tile:hidden1,Tile:hidden2,Tile:nugget
Tile:1 6 5 1
Tile:6 5 6 0
Tile:5 4 6 1
Tile:0 4 5 0
Tile:7_flip 4 7 1
Tile:8 3 5 0
Drop 2 0 1
Tile:14_flip 5 4 0
Drop 0 0 1
Drop 2 0 0
Drop 1 0 1
Map 12 7 0
Drop 2 0 1
Drop 0 0 0
Drop 3 0 1
Tile:5 3 4 0
Tile:0 2 5 1
Tile:0 1 5 0
Drop 3 0 1
Tile:12 4 4 0
Tile:3 6 6 1
Tile:10 6 7 0
Drop 5 0 1
Tile:8 6 8 0
Tile:4_flip 3 6 1
Map 12 7 0
Tile:5 0 5 1
Tile:7 5 7 0
Tile:6 5 8 1
Tile:6_flip 4 8 0
Drop 2 0 1
Destroy 1 5 0
Map 12 3 1
Tile:6 7 8 0
Destroy 2 5 1
Tile:6_flip 1 5 0
Destroy 0 5 1
Drop 6 0 0
Tile:9_flip 7 5 1
Tile:9_flip 6 9 0
Tile:2 5 9 1
Map 12 5 0
Tile:11 7 7 1
Tile:13 4 9 0
Tile:9 5 10 1
Tile:8 8 8 0
Tile:8 8 7 1
Tile:7 7 4 0
Tile:10 5 11 1
Tile:15 7 6 0
Drop 0 0 1
Map 12 7 0
Malus 0 0 1
Drop 0 0 0
Drop 0 0 1
GAMEOVER DRAW
# Game ended: Wed Apr 08 17:10:08 EDT 2020
