# Server version 0.08 running on Murko:8123
# Game ID: 28
# Board class: Saboteur.SaboteurBoard
# Timeout: 20000
# First Move Timeout: 30000
# Date: Wed Apr 08 15:46:10 EDT 2020
# Player 1: Player-0, 'RandomPlayer', running on 127.0.0.1
# Player 2: Player-1, '260714814', running on 127.0.0.1
START Player-0 RandomPlayer
START Player-1 260714814
BoardInit:Bonus,Map,Tile:0,Tile:13,Map,Tile:6,Tile:7,Tile:7,Tile:5,Tile:9,Tile:0,Tile:9,Map,Tile:6,Tile:4,Destroy,Tile:14,Tile:6,Tile:6,Tile:10,Tile:11,Tile:9,Tile:5,Tile:3,Tile:0,Bonus,Map,Bonus,Tile:10,Destroy,Tile:8,Malus,Bonus,Destroy,Tile:5,Tile:8,Tile:9,Tile:12,Tile:1,Tile:15,Tile:6-Tile:7,Tile:9,Tile:8,Tile:0,Tile:10,Malus,Map-Tile:8,Tile:5,Tile:7,Tile:8,Tile:7,Tile:2,Map-Tile:hidden1,Tile:hidden2,Tile:nugget
Drop 6 0 1
Tile:7 5 4 0
Drop 2 0 1
Tile:2 4 5 0
Tile:7 6 5 1
Tile:13 3 5 0
Tile:9 2 5 1
Map 12 3 0
Tile:0 4 4 1
Drop 0 0 0
Tile:7_flip 5 6 1
Drop 1 0 0
Tile:5 2 4 1
Tile:7_flip 2 6 0
Tile:10 4 6 1
Tile:6 6 6 0
Drop 3 0 1
Destroy 4 6 0
Tile:14 7 6 1
Tile:9_flip 4 6 0
Tile:6 3 6 1
Tile:6_flip 3 4 0
Tile:4_flip 4 7 1
Drop 5 0 0
Tile:5 7 5 1
Drop 4 0 0
Tile:0 8 5 1
Map 12 3 0
Tile:11_flip 9 5 1
Drop 5 0 0
Drop 5 0 1
Destroy 2 5 0
Tile:8 2 5 1
Tile:3_flip 1 5 0
Tile:10 1 4 1
Destroy 3 4 0
Drop 3 0 1
Tile:8 9 4 0
Tile:9_flip 9 3 1
Tile:7_flip 9 6 0
Drop 6 0 1
Drop 4 0 0
Tile:5_flip 10 6 1
Tile:5 9 2 0
Tile:0 8 3 1
Drop 3 0 0
Drop 3 0 1
Tile:9_flip 10 4 0
Tile:0 10 2 1
Tile:9 10 5 0
Malus 0 0 1
Bonus 0 0 0
Drop 0 0 1
Drop 0 0 0
Tile:6 11 5 1
GAMEOVER DRAW
# Game ended: Wed Apr 08 15:55:10 EDT 2020
