# Server version 0.08 running on Murko:8123
# Game ID: 21
# Board class: Saboteur.SaboteurBoard
# Timeout: 20000
# First Move Timeout: 30000
# Date: Wed Apr 08 15:09:14 EDT 2020
# Player 1: Player-0, 'RandomPlayer', running on 127.0.0.1
# Player 2: Player-1, '260714814', running on 127.0.0.1
START Player-0 RandomPlayer
START Player-1 260714814
BoardInit:Tile:3,Malus,Tile:6,Map,Tile:0,Tile:14,Tile:10,Bonus,Tile:5,Tile:9,Tile:8,Tile:5,Tile:7,Tile:5,Tile:7,Tile:9,Map,Malus,Tile:4,Tile:9,Destroy,Tile:10,Tile:7,Tile:9,Tile:6,Tile:0,Destroy,Tile:2,Map,Bonus,Tile:0,Tile:15,Map,Map,Tile:9,Tile:0,Tile:7,Tile:7,Tile:6,Tile:5,Tile:8-Tile:8,Tile:12,Tile:6,Map,Tile:6,Tile:13,Tile:1-Bonus,Tile:8,Destroy,Bonus,Tile:8,Tile:10,Tile:11-Tile:hidden2,Tile:nugget,Tile:hidden1
Drop 3 0 1
Tile:11 5 6 0
Tile:6 6 5 1
Tile:8 7 5 0
Tile:1 6 6 1
Destroy 6 6 0
Tile:3_flip 4 5 1
Tile:8 5 4 0
Tile:6_flip 6 6 1
Tile:14 7 6 0
Tile:5 5 3 1
Drop 3 0 0
Drop 3 0 1
Tile:10 6 7 0
Tile:7 6 3 1
Tile:9 4 4 0
Drop 3 0 1
Tile:5 7 4 0
Tile:8 6 8 1
Tile:9_flip 6 4 0
Drop 1 0 1
Map 12 7 0
Tile:12 8 5 1
Tile:9_flip 6 9 0
Drop 1 0 1
Tile:9_flip 4 3 0
Destroy 6 4 1
Tile:5 4 2 0
Tile:10 5 7 1
Tile:2_flip 7 8 0
Destroy 7 8 1
Tile:0 7 8 0
Map 12 5 1
Malus 0 0 0
Map 12 7 1
Tile:10 6 10 0
Drop 3 0 1
Tile:0 3 3 0
Drop 2 0 1
Tile:7_flip 6 11 0
Map 12 5 1
Drop 4 0 0
