# Server version 0.08 running on Murko:8123
# Game ID: 81
# Board class: Saboteur.SaboteurBoard
# Timeout: 20000
# First Move Timeout: 30000
# Date: Wed Apr 08 21:06:26 EDT 2020
# Player 1: Player-0, 'RandomPlayer', running on Murko
# Player 2: Player-1, 'RandomPlayer', running on Murko
START Player-0 RandomPlayer
START Player-1 RandomPlayer
BoardInit:Tile:8,Tile:6,Map,Tile:6,Tile:4,Tile:5,Tile:9,Map,Tile:9,Bonus,Map,Bonus,Tile:10,Tile:8,Tile:10,Tile:7,Tile:0,Tile:12,Tile:5,Destroy,Tile:8,Malus,Tile:5,Bonus,Map,Destroy,Tile:9,Tile:6,Map,Tile:7,Tile:15,Tile:0,Tile:0,Tile:10,Tile:1,Tile:13,Bonus,Tile:8,Tile:7,Tile:6,Tile:9-Tile:8,Tile:7,Destroy,Tile:0,Tile:9,Tile:14,Tile:3-Map,Tile:5,Tile:6,Tile:2,Tile:11,Tile:7,Malus-Tile:hidden1,Tile:hidden2,Tile:nugget
Tile:3 5 4 1
Tile:7 6 5 0
Destroy 6 5 1
Tile:6 6 5 0
Tile:9 6 4 1
Tile:6_flip 6 3 0
Tile:0 7 3 1
Tile:2 7 5 0
Tile:14_flip 4 5 1
Tile:6 5 3 0
Tile:7 8 5 1
Tile:5 4 3 0
Tile:9_flip 5 2 1
Tile:5_flip 8 3 0
Map 12 7 1
Drop 1 0 0
Map 12 7 1
Map 12 3 0
Tile:10 8 2 1
Tile:12_flip 4 2 0
Tile:5_flip 5 6 1
Tile:7_flip 4 6 0
Tile:4_flip 7 6 1
Drop 5 0 0
Tile:9_flip 8 1 1
Map 12 5 0
Tile:8 7 1 1
Tile:8 8 0 0
Drop 6 0 1
Drop 5 0 0
Tile:8 6 1 1
Drop 0 0 0
Tile:5_flip 9 0 1
Tile:0 7 4 0
Tile:8 5 1 1
Drop 4 0 0
Tile:0 4 1 1
Tile:13 5 0 0
Map 12 3 1
Drop 6 0 0
Tile:15 8 6 1
Tile:7_flip 4 4 0
Tile:9 3 1 1
Drop 4 0 0
Tile:7_flip 6 2 1
Drop 3 0 0
Tile:1 8 4 1
Tile:6_flip 6 0 0
Tile:10 3 2 1
Malus 0 0 0
Drop 1 0 1
Drop 0 0 0
Bonus 0 0 1
Drop 0 0 0
Map 12 5 1
GAMEOVER DRAW
# Game ended: Wed Apr 08 21:06:26 EDT 2020
