# Server version 0.08 running on Murko:8123
# Game ID: 40
# Board class: Saboteur.SaboteurBoard
# Timeout: 20000
# First Move Timeout: 30000
# Date: Wed Apr 08 17:26:04 EDT 2020
# Player 1: Player-0, 'RandomPlayer', running on 127.0.0.1
# Player 2: Player-1, '260714814', running on 127.0.0.1
START Player-0 RandomPlayer
START Player-1 260714814
BoardInit:Bonus,Map,Tile:4,Tile:8,Tile:9,Map,Tile:9,Malus,Map,Tile:0,Tile:6,Destroy,Tile:14,Tile:5,Map,Tile:3,Tile:0,Map,Tile:6,Tile:15,Tile:5,Tile:7,Tile:0,Tile:7,Tile:10,Tile:1,Tile:8,Tile:5,Tile:10,Malus,Tile:5,Bonus,Tile:6,Tile:7,Tile:0,Tile:7,Tile:12,Tile:10,Tile:9,Bonus,Tile:7-Destroy,Tile:8,Tile:6,Destroy,Tile:9,Map,Tile:8-Tile:6,Tile:8,Tile:2,Tile:9,Tile:13,Bonus,Tile:11-Tile:nugget,Tile:hidden1,Tile:hidden2
Drop 5 0 1
Tile:11 4 5 0
Tile:8 4 4 1
Tile:9_flip 6 5 0
Tile:9 5 6 1
Tile:6_flip 5 4 0
Tile:6 5 7 1
Tile:2 6 4 0
Drop 2 0 1
GAMEOVER TIMEOUT WINNER 1
# Game ended: Wed Apr 08 17:27:45 EDT 2020
