# Server version 0.08 running on Murko:8123
# Game ID: 52
# Board class: Saboteur.SaboteurBoard
# Timeout: 20000
# First Move Timeout: 30000
# Date: Wed Apr 08 18:40:19 EDT 2020
# Player 1: Player-0, 'RandomPlayer', running on 127.0.0.1
# Player 2: Player-1, '260714814', running on 127.0.0.1
START Player-0 RandomPlayer
START Player-1 260714814
BoardInit:Tile:7,Tile:10,Tile:8,Malus,Tile:5,Tile:8,Tile:3,Map,Tile:7,Tile:6,Destroy,Tile:5,Tile:10,Tile:9,Tile:7,Tile:8,Tile:6,Tile:8,Tile:9,Tile:7,Tile:15,Tile:0,Map,Tile:6,Tile:7,Bonus,Tile:6,Map,Map,Tile:9,Tile:9,Bonus,Tile:8,Tile:2,Tile:5,Destroy,Bonus,Destroy,Tile:0,Tile:6,Tile:12-Tile:0,Tile:4,Tile:14,Malus,Tile:5,Tile:1,Bonus-Tile:10,Tile:9,Tile:0,Tile:11,Tile:13,Map,Map-Tile:hidden1,Tile:hidden2,Tile:nugget
Malus 0 0 1
Map 12 7 0
Tile:14 6 5 1
Map 12 3 0
Tile:7_flip 5 6 1
Drop 4 0 0
Tile:8 6 4 1
Drop 3 0 0
Tile:5 5 4 1
Map 12 5 0
Tile:7_flip 4 5 1
Malus 0 0 0
Drop 5 0 1
Drop 0 0 0
Drop 2 0 1
Drop 0 0 0
Drop 0 0 1
Drop 5 0 0
Drop 1 0 1
Drop 3 0 0
Drop 1 0 1
Drop 2 0 0
Drop 5 0 1
Drop 0 0 0
Destroy 5 6 1
Drop 2 0 0
GAMEOVER DISCONNECTION Player-0 WINNER 1
# Game ended: Wed Apr 08 18:44:52 EDT 2020
