# Server version 0.08 running on Murko:8123
# Game ID: 60
# Board class: Saboteur.SaboteurBoard
# Timeout: 20000
# First Move Timeout: 30000
# Date: Wed Apr 08 19:39:19 EDT 2020
# Player 1: Player-0, 'RandomPlayer', running on 127.0.0.1
# Player 2: Player-1, '260714814', running on 127.0.0.1
START Player-0 RandomPlayer
START Player-1 260714814
BoardInit:Tile:6,Tile:2,Tile:5,Malus,Tile:7,Tile:7,Tile:4,Map,Destroy,Tile:9,Tile:11,Map,Bonus,Bonus,Map,Tile:7,Tile:8,Tile:8,Tile:7,Tile:9,Tile:0,Malus,Tile:6,Bonus,Map,Destroy,Destroy,Tile:14,Tile:15,Tile:10,Tile:1,Tile:12,Tile:8,Tile:6,Bonus,Tile:7,Tile:9,Tile:5,Tile:9,Tile:10,Tile:0-Tile:6,Tile:3,Tile:8,Map,Tile:10,Tile:6,Tile:0-Tile:5,Tile:5,Tile:0,Tile:9,Tile:13,Map,Tile:8-Tile:hidden1,Tile:hidden2,Tile:nugget
Map 12 3 1
Map 12 7 0
Tile:3_flip 4 5 1
Tile:13 5 6 0
Tile:6_flip 6 5 1
Tile:5 5 4 0
Tile:6 6 6 1
Tile:9_flip 7 5 0
Tile:5_flip 6 4 1
Tile:5 4 6 0
Destroy 6 6 1
Tile:7 4 4 0
Tile:11_flip 7 6 1
Malus 0 0 0
Bonus 0 0 1
Tile:9_flip 4 7 0
Tile:10 7 4 1
Tile:0 3 4 0
Map 12 5 1
Tile:7 6 3 0
Tile:7_flip 4 8 1
Tile:8 7 7 0
Tile:8 5 8 1
Tile:2_flip 6 6 0
Tile:7_flip 2 4 1
Drop 4 0 0
Drop 5 0 1
Tile:8 7 8 0
Tile:8 8 7 1
Drop 6 0 0
Tile:0 9 7 1
Destroy 5 6 0
Tile:6 5 6 1
Tile:12_flip 5 3 0
Destroy 3 4 1
Tile:6 3 7 0
Tile:1 6 7 1
Map 12 7 0
