# Server version 0.08 running on Murko:8123
# Game ID: 69
# Board class: Saboteur.SaboteurBoard
# Timeout: 20000
# First Move Timeout: 30000
# Date: Wed Apr 08 20:10:27 EDT 2020
# Player 1: Player-0, 'RandomPlayer', running on 127.0.0.1
# Player 2: Player-1, '260714814', running on 127.0.0.1
START Player-0 RandomPlayer
START Player-1 260714814
BoardInit:Malus,Tile:8,Tile:8,Tile:13,Tile:0,Tile:1,Tile:8,Tile:5,Destroy,Tile:7,Tile:15,Tile:9,Tile:8,Map,Tile:9,Tile:6,Map,Destroy,Tile:9,Tile:9,Tile:5,Tile:10,Map,Tile:5,Bonus,Map,Tile:14,Tile:8,Tile:7,Map,Bonus,Tile:7,Tile:0,Malus,Map,Tile:11,Destroy,Tile:12,Tile:10,Bonus,Tile:6-Tile:2,Tile:6,Tile:7,Tile:10,Bonus,Tile:5,Tile:0-Tile:4,Tile:6,Tile:7,Tile:9,Tile:6,Tile:3,Tile:0-Tile:hidden2,Tile:hidden1,Tile:nugget
Tile:5_flip 5 6 1
Tile:3_flip 4 5 0
Drop 1 0 1
Tile:9_flip 6 5 0
Tile:10 5 4 1
Tile:6_flip 5 3 0
Tile:2 6 3 1
Tile:1 4 6 0
Drop 0 0 1
Tile:6 3 6 0
Tile:8 2 6 1
Drop 1 0 0
Tile:8 7 3 1
Tile:4_flip 7 4 0
Tile:15 4 4 1
Tile:0 1 6 0
Tile:9_flip 2 7 1
Tile:6_flip 4 3 0
Tile:0 8 3 1
Destroy 1 6 0
Destroy 7 4 1
Tile:7_flip 2 8 0
Tile:9_flip 7 2 1
Tile:5_flip 7 4 0
Tile:0 1 7 1
Tile:5 0 7 0
Tile:8 9 3 1
Tile:9 0 8 0
Tile:5 9 2 1
Tile:9_flip 9 4 0
Drop 3 0 1
Tile:8 0 9 0
Drop 1 0 1
Tile:7_flip 6 6 0
Tile:0 1 6 1
Tile:13 7 6 0
Tile:14_flip 7 5 1
Tile:10 3 5 0
Tile:7 1 8 1
Tile:12_flip 8 4 0
Destroy 4 5 1
Drop 4 0 0
Tile:10 9 5 1
Tile:11_flip 9 6 0
Tile:6_flip 10 3 1
Map 12 3 0
Map 12 3 1
Tile:8 11 3 0
Map 12 7 1
Drop 2 0 0
Drop 0 0 1
Map 12 3 0
Drop 1 0 1
Map 12 7 0
Drop 0 0 1
GAMEOVER DRAW
# Game ended: Wed Apr 08 20:19:49 EDT 2020
