# Server version 0.08 running on Murko:8123
# Game ID: 61
# Board class: Saboteur.SaboteurBoard
# Timeout: 20000
# First Move Timeout: 30000
# Date: Wed Apr 08 19:45:33 EDT 2020
# Player 1: Player-0, 'RandomPlayer', running on 127.0.0.1
# Player 2: Player-1, '260714814', running on 127.0.0.1
START Player-0 RandomPlayer
START Player-1 260714814
BoardInit:Tile:8,Tile:6,Tile:6,Bonus,Tile:9,Destroy,Tile:15,Tile:14,Tile:1,Tile:0,Bonus,Tile:10,Map,Tile:9,Tile:8,Tile:11,Tile:8,Tile:10,Tile:5,Tile:5,Tile:12,Tile:7,Tile:9,Tile:2,Bonus,Malus,Tile:8,Tile:6,Tile:13,Bonus,Tile:5,Tile:0,Map,Map,Tile:9,Map,Tile:7,Tile:7,Destroy,Tile:10,Map-Tile:3,Tile:6,Tile:5,Tile:0,Destroy,Tile:0,Tile:8-Tile:9,Tile:4,Tile:7,Map,Malus,Tile:6,Tile:7-Tile:hidden2,Tile:nugget,Tile:hidden1
Tile:3 6 5 1
Tile:6_flip 4 5 0
Tile:5_flip 6 6 1
Tile:7 5 4 0
Tile:8 5 6 1
Tile:4_flip 5 7 0
Tile:9 4 6 1
Map 12 7 0
Tile:0 4 4 1
Destroy 4 4 0
