# Server version 0.08 running on Murko:8123
# Game ID: 76
# Board class: Saboteur.SaboteurBoard
# Timeout: 20000
# First Move Timeout: 30000
# Date: Wed Apr 08 20:48:09 EDT 2020
# Player 1: Player-0, '260714814', running on 127.0.0.1
# Player 2: Player-1, 'RandomPlayer', running on 127.0.0.1
START Player-0 260714814
START Player-1 RandomPlayer
BoardInit:Map,Tile:5,Tile:2,Tile:14,Tile:5,Malus,Tile:8,Map,Tile:7,Map,Tile:13,Tile:9,Map,Tile:7,Tile:0,Bonus,Tile:0,Tile:6,Tile:7,Tile:12,Bonus,Map,Map,Tile:5,Bonus,Tile:8,Tile:9,Destroy,Malus,Tile:6,Tile:0,Tile:8,Tile:4,Tile:7,Destroy,Tile:8,Tile:9,Tile:6,Tile:8,Tile:10,Tile:10-Bonus,Tile:0,Tile:10,Tile:11,Tile:5,Tile:7,Tile:9-Tile:6,Tile:3,Tile:6,Destroy,Tile:1,Tile:15,Tile:9-Tile:hidden1,Tile:hidden2,Tile:nugget
Tile:9 4 5 1
Tile:6 4 6 0
Tile:11_flip 5 6 1
Tile:3 4 4 0
Tile:0 6 5 1
Tile:9 5 4 0
Map 12 3 1
Tile:6 3 4 0
Tile:2_flip 2 4 1
Map 12 3 0
Tile:8 5 7 1
Map 12 5 0
Tile:5_flip 6 4 1
Tile:1 1 4 0
Tile:13 0 4 1
Tile:15 0 3 0
Tile:5_flip 5 8 1
Tile:5 0 2 0
Tile:7 6 3 1
Tile:14 1 2 0
Tile:7 6 7 1
Tile:9 0 5 0
Map 12 3 1
Map 12 7 0
Tile:0 1 5 1
Tile:7 1 1 0
Tile:7 2 5 1
Tile:6 0 1 0
Drop 5 0 1
Tile:12 7 5 0
Map 12 5 1
Tile:5 0 0 0
Tile:10 0 6 1
Tile:8 0 7 0
Tile:0 4 7 1
Tile:6 1 0 0
Destroy 5 6 1
Tile:8 5 6 0
Tile:9_flip 2 6 1
Tile:8 5 3 0
Tile:9 2 3 1
Tile:7 1 7 0
Tile:0 4 8 1
Tile:6 0 8 0
Tile:8 5 2 1
Tile:10 2 2 0
Tile:4 2 1 1
Destroy 6 4 0
Drop 2 0 1
Destroy 5 3 0
Tile:10 6 8 1
Drop 1 0 0
Drop 1 0 1
Drop 0 0 0
Drop 0 0 1
GAMEOVER DRAW
# Game ended: Wed Apr 08 20:48:12 EDT 2020
