# Server version 0.08 running on Murko:8123
# Game ID: 20
# Board class: Saboteur.SaboteurBoard
# Timeout: 20000
# First Move Timeout: 30000
# Date: Wed Apr 08 14:59:03 EDT 2020
# Player 1: Player-0, 'RandomPlayer', running on 127.0.0.1
# Player 2: Player-1, '260714814', running on 127.0.0.1
START Player-0 RandomPlayer
START Player-1 260714814
BoardInit:Tile:6,Tile:5,Tile:4,Tile:7,Tile:6,Destroy,Tile:9,Tile:5,Tile:9,Tile:0,Tile:8,Map,Tile:2,Tile:8,Tile:6,Tile:0,Bonus,Tile:15,Malus,Tile:8,Tile:6,Bonus,Tile:0,Tile:1,Tile:3,Tile:12,Tile:10,Tile:8,Tile:9,Tile:7,Tile:6,Map,Tile:9,Tile:5,Tile:0,Tile:11,Bonus,Map,Tile:5,Map,Destroy-Tile:13,Tile:7,Map,Tile:8,Tile:9,Map,Destroy-Tile:7,Bonus,Tile:10,Malus,Tile:10,Tile:7,Tile:14-Tile:nugget,Tile:hidden2,Tile:hidden1
Drop 2 0 1
Tile:10 5 4 0
Tile:8 6 5 1
Tile:10 6 6 0
Tile:13 4 5 1
Tile:7_flip 6 7 0
Drop 4 0 1
Tile:14_flip 6 4 0
Tile:6 3 5 1
Tile:5 2 5 0
Tile:9_flip 5 3 1
Drop 1 0 0
Tile:9_flip 5 6 1
Tile:5 3 4 0
Tile:8 5 2 1
Tile:8 4 3 0
Destroy 2 5 1
Map 12 5 0
Tile:6_flip 4 2 1
Tile:0 7 5 0
Tile:2_flip 2 5 1
Tile:7_flip 1 5 0
Tile:6_flip 3 2 1
Tile:7_flip 3 3 0
Map 12 3 1
Destroy 6 5 0
Tile:9_flip 1 4 1
Tile:8 2 2 0
Tile:10 5 7 1
Tile:15 2 4 0
Tile:9 4 6 1
Tile:0 0 4 0
Tile:7 1 3 1
Tile:7 8 5 0
Tile:9_flip 4 7 1
Tile:12_flip 1 2 0
Tile:6_flip 6 2 1
Tile:11_flip 5 8 0
Drop 3 0 1
Tile:5_flip 7 2 0
Tile:5_flip 7 4 1
Tile:8 3 7 0
Destroy 2 4 1
Drop 4 0 0
Tile:4 7 3 1
Drop 3 0 0
Tile:0 2 7 1
Tile:1 7 7 0
Tile:3 3 6 1
Map 12 7 0
Malus 0 0 1
Bonus 0 0 0
Drop 0 0 1
Drop 0 0 0
Drop 0 0 1
GAMEOVER DRAW
# Game ended: Wed Apr 08 15:08:03 EDT 2020
