# Server version 0.08 running on Murko:8123
# Game ID: 30
# Board class: Saboteur.SaboteurBoard
# Timeout: 20000
# First Move Timeout: 30000
# Date: Wed Apr 08 16:48:59 EDT 2020
# Player 1: Player-0, 'RandomPlayer', running on 127.0.0.1
# Player 2: Player-1, '260714814', running on 127.0.0.1
START Player-0 RandomPlayer
START Player-1 260714814
BoardInit:Tile:8,Bonus,Tile:5,Tile:8,Tile:9,Bonus,Map,Tile:5,Tile:11,Map,Tile:0,Tile:12,Tile:6,Bonus,Tile:6,Tile:9,Tile:10,Bonus,Tile:0,Tile:6,Destroy,Tile:7,Tile:0,Tile:7,Tile:15,Destroy,Tile:10,Map,Tile:14,Destroy,Tile:4,Tile:9,Tile:2,Tile:9,Tile:7,Tile:13,Tile:5,Map,Tile:8,Malus,Tile:7-Tile:1,Tile:8,Tile:10,Tile:9,Tile:6,Tile:5,Malus-Map,Tile:0,Map,Tile:3,Tile:7,Tile:6,Tile:8-Tile:nugget,Tile:hidden2,Tile:hidden1
Tile:6_flip 4 5 1
Tile:3 6 5 0
Tile:9 4 6 1
Tile:6_flip 5 4 0
Tile:8 3 5 1
Tile:7 3 4 0
Tile:5_flip 6 4 1
Tile:8 2 5 0
Tile:9_flip 5 6 1
Tile:8 4 7 0
Map 12 7 1
Map 12 7 0
Tile:11 1 5 1
Map 12 5 0
Tile:10 6 3 1
Drop 2 0 0
Tile:6 2 6 1
Tile:5 3 7 0
Malus 0 0 1
Drop 1 0 0
Drop 4 0 1
Drop 1 0 0
Destroy 1 5 1
Drop 5 0 0
Tile:5_flip 5 7 1
Drop 0 0 0
Tile:8 1 6 1
Destroy 6 5 0
Tile:0 6 5 1
Drop 2 0 0
Tile:10 3 8 1
Bonus 0 0 0
Tile:1 7 5 1
Tile:7_flip 4 4 0
Tile:2 4 3 1
Drop 0 0 0
Tile:14 5 3 1
Tile:7_flip 4 8 0
Tile:5_flip 3 6 1
Destroy 4 8 0
Tile:0 8 5 1
Drop 2 0 0
Tile:15 5 2 1
Tile:9_flip 5 1 0
Drop 4 0 1
Drop 3 0 0
GAMEOVER DISCONNECTION Player-0 WINNER 1
# Game ended: Wed Apr 08 16:56:45 EDT 2020
