# Server version 0.08 running on Murko:8123
# Game ID: 26
# Board class: Saboteur.SaboteurBoard
# Timeout: 20000
# First Move Timeout: 30000
# Date: Wed Apr 08 15:40:05 EDT 2020
# Player 1: Player-0, 'RandomPlayer', running on 127.0.0.1
# Player 2: Player-1, '260714814', running on 127.0.0.1
START Player-0 RandomPlayer
START Player-1 260714814
BoardInit:Tile:0,Map,Tile:13,Bonus,Tile:8,Bonus,Map,Tile:8,Tile:10,Malus,Tile:10,Tile:6,Tile:9,Tile:0,Bonus,Tile:7,Tile:14,Destroy,Tile:6,Malus,Map,Tile:2,Tile:9,Tile:6,Tile:8,Tile:0,Destroy,Bonus,Tile:6,Tile:15,Map,Tile:11,Tile:5,Tile:7,Tile:9,Map,Tile:9,Tile:12,Tile:10,Tile:7,Tile:5-Tile:3,Tile:9,Tile:8,Tile:0,Tile:6,Destroy,Tile:5-Map,Tile:7,Tile:1,Tile:8,Tile:5,Tile:7,Tile:4-Tile:hidden1,Tile:hidden2,Tile:nugget
Tile:6_flip 5 4 1
Tile:1 6 5 0
Destroy 5 4 1
Tile:7_flip 5 6 0
Tile:3 6 6 1
Map 12 7 0
Drop 2 0 1
Tile:4_flip 6 7 0
Tile:8 5 4 1
Map 12 5 0
Tile:9_flip 7 5 1
Tile:5 5 3 0
Tile:0 6 4 1
Tile:6 4 5 0
Tile:5_flip 6 3 1
Drop 2 0 0
Tile:9 4 4 1
Drop 0 0 0
Tile:10 4 3 1
Tile:7_flip 7 6 0
Tile:8 4 2 1
Destroy 6 6 0
Tile:13 8 6 1
Tile:2_flip 5 2 0
Tile:14_flip 3 2 1
Malus 0 0 0
Map 12 3 1
Tile:7 7 4 0
Destroy 7 6 1
Tile:6 3 5 0
GAMEOVER DISCONNECTION Player-0 WINNER 1
# Game ended: Wed Apr 08 15:45:26 EDT 2020
