# Server version 0.08 running on Murko:8123
# Game ID: 43
# Board class: Saboteur.SaboteurBoard
# Timeout: 20000
# First Move Timeout: 30000
# Date: Wed Apr 08 17:40:42 EDT 2020
# Player 1: Player-0, 'RandomPlayer', running on 127.0.0.1
# Player 2: Player-1, '260714814', running on 127.0.0.1
START Player-0 RandomPlayer
START Player-1 260714814
BoardInit:Map,Tile:4,Tile:6,Destroy,Tile:5,Bonus,Tile:10,Tile:12,Map,Tile:0,Malus,Tile:9,Tile:6,Tile:8,Tile:0,Bonus,Tile:13,Map,Tile:0,Map,Bonus,Tile:8,Tile:10,Tile:3,Bonus,Tile:0,Tile:10,Tile:5,Tile:7,Tile:11,Tile:7,Tile:9,Tile:6,Tile:7,Tile:14,Tile:9,Destroy,Tile:6,Tile:8,Tile:5,Map-Tile:9,Tile:7,Tile:9,Tile:2,Tile:15,Tile:5,Malus-Tile:7,Tile:8,Tile:8,Tile:1,Tile:6,Destroy,Map-Tile:hidden2,Tile:hidden1,Tile:nugget
Tile:2 5 4 1
Destroy 5 4 0
Tile:7_flip 4 5 1
Tile:6_flip 6 5 0
Tile:6_flip 5 4 1
Drop 4 0 0
Tile:15 5 6 1
Tile:4_flip 6 6 0
Tile:5 4 4 1
Tile:1 6 4 0
Drop 3 0 1
Drop 4 0 0
Tile:9_flip 5 7 1
Destroy 4 5 0
Map 12 3 1
Tile:9 4 5 0
Tile:5_flip 7 4 1
Drop 6 0 0
GAMEOVER DISCONNECTION Player-0 WINNER 1
# Game ended: Wed Apr 08 17:43:46 EDT 2020
