# Server version 0.08 running on Murko:8123
# Game ID: 48
# Board class: Saboteur.SaboteurBoard
# Timeout: 20000
# First Move Timeout: 30000
# Date: Wed Apr 08 17:51:37 EDT 2020
# Player 1: Player-0, '260714814', running on 127.0.0.1
# Player 2: Player-1, 'RandomPlayer', running on 127.0.0.1
START Player-0 260714814
START Player-1 RandomPlayer
BoardInit:Tile:3,Malus,Tile:8,Tile:5,Tile:8,Tile:6,Tile:0,Map,Tile:7,Destroy,Tile:0,Map,Tile:8,Tile:10,Tile:6,Tile:9,Tile:7,Tile:5,Tile:10,Tile:8,Malus,Bonus,Tile:15,Map,Tile:5,Tile:0,Tile:2,Tile:5,Tile:1,Tile:13,Tile:6,Tile:4,Tile:9,Tile:14,Tile:7,Tile:9,Tile:6,Destroy,Tile:7,Map,Tile:9-Tile:8,Tile:11,Tile:9,Bonus,Bonus,Tile:6,Tile:0-Tile:7,Map,Map,Destroy,Bonus,Tile:10,Tile:12-Tile:hidden2,Tile:hidden1,Tile:nugget
Tile:6_flip 6 5 1
Map 12 3 0
Tile:9 4 5 1
Drop 2 0 0
Tile:8 7 5 1
Tile:10 6 6 0
Tile:8 4 6 1
Drop 1 0 0
Tile:0 3 6 1
Tile:5 5 4 0
Tile:8 4 7 1
