# Server version 0.08 running on Murko:8123
# Game ID: 13
# Board class: Saboteur.SaboteurBoard
# Timeout: 20000
# First Move Timeout: 30000
# Date: Wed Apr 08 14:12:59 EDT 2020
# Player 1: Player-0, '260714814', running on 127.0.0.1
# Player 2: Player-1, 'RandomPlayer', running on 127.0.0.1
START Player-0 260714814
START Player-1 RandomPlayer
BoardInit:Tile:0,Tile:9,Malus,Tile:5,Map,Tile:8,Tile:0,Tile:4,Tile:6,Tile:0,Destroy,Tile:6,Tile:7,Tile:10,Bonus,Tile:14,Tile:10,Tile:5,Tile:6,Tile:1,Tile:8,Tile:12,Tile:2,Map,Malus,Map,Tile:7,Tile:5,Tile:7,Tile:8,Tile:0,Bonus,Tile:9,Destroy,Tile:13,Tile:9,Map,Destroy,Bonus,Map,Map-Bonus,Tile:7,Tile:6,Tile:7,Tile:6,Tile:11,Tile:5-Tile:15,Tile:10,Tile:8,Tile:3,Tile:9,Tile:9,Tile:8-Tile:hidden2,Tile:hidden1,Tile:nugget
Tile:6_flip 4 5 1
Tile:8 5 4 0
Tile:6 3 5 1
Tile:9 5 3 0
Tile:11_flip 6 4 1
Tile:8 5 6 0
Tile:7_flip 4 4 1
Tile:5 5 2 0
Tile:7 4 3 1
