# Server version 0.08 running on Murko:8123
# Game ID: 46
# Board class: Saboteur.SaboteurBoard
# Timeout: 20000
# First Move Timeout: 30000
# Date: Wed Apr 08 17:47:48 EDT 2020
# Player 1: Player-0, '260714814', running on 127.0.0.1
# Player 2: Player-1, 'RandomPlayer', running on 127.0.0.1
START Player-0 260714814
START Player-1 RandomPlayer
BoardInit:Tile:7,Map,Tile:12,Tile:5,Tile:14,Tile:6,Map,Tile:6,Malus,Tile:9,Tile:15,Bonus,Tile:0,Tile:3,Tile:8,Map,Destroy,Bonus,Bonus,Tile:1,Tile:8,Tile:10,Tile:13,Bonus,Map,Map,Tile:8,Tile:7,Tile:6,Tile:9,Tile:5,Tile:8,Tile:2,Tile:9,Tile:9,Map,Tile:4,Tile:7,Tile:5,Tile:7,Destroy-Tile:0,Tile:6,Tile:0,Tile:9,Tile:10,Tile:7,Tile:0-Tile:11,Tile:6,Destroy,Malus,Tile:5,Tile:8,Tile:10-Tile:hidden2,Tile:hidden1,Tile:nugget
Tile:7_flip 5 6 1
Tile:6_flip 4 5 0
Tile:0 3 5 1
Tile:8 5 4 0
Tile:0 4 4 1
Drop 1 0 0
Tile:6_flip 2 5 1
Tile:5 1 5 0
Tile:9_flip 6 4 1
Tile:11_flip 4 6 0
Tile:7_flip 3 4 1
Tile:5 3 6 0
Drop 4 0 1
Tile:6_flip 6 3 0
Drop 3 0 1
Tile:6 6 5 0
Tile:8 7 5 1
Map 12 7 0
Drop 1 0 1
GAMEOVER DISCONNECTION Player-1 WINNER 0
# Game ended: Wed Apr 08 17:50:50 EDT 2020
