# Server version 0.08 running on Murko:8123
# Game ID: 73
# Board class: Saboteur.SaboteurBoard
# Timeout: 20000
# First Move Timeout: 30000
# Date: Wed Apr 08 20:38:08 EDT 2020
# Player 1: Player-0, 'RandomPlayer', running on 127.0.0.1
# Player 2: Player-1, '260714814', running on 127.0.0.1
START Player-0 RandomPlayer
START Player-1 260714814
BoardInit:Tile:7,Map,Bonus,Tile:9,Tile:9,Tile:6,Tile:5,Tile:11,Tile:7,Destroy,Tile:8,Tile:0,Bonus,Map,Tile:8,Tile:0,Tile:0,Tile:6,Tile:7,Map,Tile:13,Destroy,Tile:6,Tile:7,Tile:2,Tile:10,Tile:5,Tile:8,Tile:14,Tile:15,Map,Tile:5,Tile:4,Tile:10,Malus,Map,Tile:8,Bonus,Tile:3,Map,Bonus-Tile:9,Tile:10,Tile:9,Tile:5,Tile:6,Tile:6,Tile:12-Tile:0,Tile:8,Tile:1,Malus,Destroy,Tile:7,Tile:9-Tile:hidden1,Tile:hidden2,Tile:nugget
Tile:9 5 4 1
Tile:9 5 6 0
Tile:9_flip 6 5 1
Drop 1 0 0
Tile:10 5 3 1
Drop 4 0 0
Tile:6_flip 6 4 1
Tile:6 6 6 0
Tile:5 5 2 1
Tile:9 4 5 0
Tile:6 6 2 1
Destroy 6 6 0
Tile:12 7 2 1
Destroy 4 5 0
Tile:7 6 1 1
Drop 1 0 0
Tile:9 5 7 1
Map 12 7 0
Tile:5_flip 6 6 1
Tile:11_flip 7 4 0
Tile:7 6 7 1
Tile:6 5 8 0
Tile:8 6 8 1
Destroy 6 8 0
Tile:8 6 8 1
Tile:0 4 8 0
Tile:0 3 8 1
Map 12 7 0
Tile:7 7 8 1
Tile:0 5 1 0
Tile:13 2 8 1
Drop 3 0 0
Map 12 3 1
Tile:15 2 7 0
Tile:6 2 9 1
Tile:0 4 1 0
Tile:2 2 6 1
Tile:10 6 9 0
Tile:5 1 6 1
Tile:8 6 10 0
Tile:14 1 7 1
Drop 4 0 0
Tile:4 7 3 1
Map 12 7 0
Tile:8 0 7 1
Tile:5 3 1 0
Tile:3 0 6 1
Tile:10 7 9 0
Malus 0 0 1
Malus 0 0 0
Bonus 0 0 1
Bonus 0 0 0
Drop 0 0 1
Map 12 7 0
Drop 0 0 1
GAMEOVER DRAW
# Game ended: Wed Apr 08 20:38:11 EDT 2020
