# Server version 0.08 running on Murko:8123
# Game ID: 39
# Board class: Saboteur.SaboteurBoard
# Timeout: 20000
# First Move Timeout: 30000
# Date: Wed Apr 08 17:25:55 EDT 2020
# Player 1: Player-0, 'RandomPlayer', running on 127.0.0.1
# Player 2: Player-1, 'RandomPlayer', running on 127.0.0.1
START Player-0 RandomPlayer
START Player-1 RandomPlayer
BoardInit:Tile:9,Tile:7,Tile:3,Tile:9,Tile:5,Map,Tile:4,Tile:5,Bonus,Bonus,Tile:14,Destroy,Map,Tile:6,Tile:9,Tile:7,Tile:10,Tile:7,Tile:6,Tile:10,Tile:15,Tile:2,Tile:0,Tile:6,Malus,Bonus,Tile:10,Tile:11,Tile:0,Tile:8,Tile:0,Tile:8,Destroy,Tile:12,Tile:1,Tile:8,Tile:9,Map,Tile:6,Tile:8,Map-Tile:8,Tile:7,Map,Malus,Tile:5,Tile:5,Tile:7-Map,Destroy,Tile:6,Tile:9,Bonus,Tile:0,Tile:13-Tile:hidden1,Tile:nugget,Tile:hidden2
Tile:7 5 4 1
Tile:6_flip 4 5 0
Tile:5_flip 6 5 1
Tile:13 3 5 0
Tile:3_flip 3 6 1
Drop 1 0 0
Tile:7_flip 2 5 1
Tile:9 3 4 0
Tile:9_flip 3 3 1
Tile:7_flip 5 6 0
Map 12 5 1
Tile:5 6 4 0
Tile:8 2 3 1
Tile:9_flip 4 6 0
Tile:4_flip 4 7 1
Destroy 6 4 0
Tile:5 3 2 1
Map 12 7 0
Drop 3 0 1
Tile:7 4 2 0
Tile:10 2 4 1
Map 12 3 0
Tile:9 6 4 1
Tile:7 6 6 0
Tile:5 6 3 1
Tile:0 7 4 0
Tile:0 4 4 1
Drop 0 0 0
Tile:15 2 2 1
Drop 5 0 0
Map 12 5 1
Tile:11_flip 6 7 0
Tile:0 7 3 1
Drop 1 0 0
Tile:6_flip 1 3 1
Tile:2 2 1 0
Drop 3 0 1
Tile:6 1 1 0
Destroy 7 4 1
Tile:12 8 3 0
Tile:0 7 4 1
Tile:8 0 1 0
Tile:9_flip 6 8 1
Tile:8 6 9 0
Drop 4 0 1
Drop 3 0 0
Tile:1 3 1 1
Tile:10 1 4 0
Drop 3 0 1
Drop 2 0 0
Drop 0 0 1
Tile:8 1 0 0
Malus 0 0 1
Drop 0 0 0
Drop 0 0 1
GAMEOVER DRAW
# Game ended: Wed Apr 08 17:25:55 EDT 2020
