# Server version 0.08 running on Murko:8123
# Game ID: 74
# Board class: Saboteur.SaboteurBoard
# Timeout: 20000
# First Move Timeout: 30000
# Date: Wed Apr 08 20:38:52 EDT 2020
# Player 1: Player-0, '260714814', running on 127.0.0.1
# Player 2: Player-1, 'RandomPlayer', running on 127.0.0.1
START Player-0 260714814
START Player-1 RandomPlayer
BoardInit:Tile:14,Tile:8,Tile:0,Destroy,Tile:8,Malus,Tile:9,Tile:6,Tile:1,Tile:3,Map,Bonus,Tile:15,Tile:10,Map,Tile:8,Bonus,Tile:12,Tile:7,Tile:0,Tile:6,Tile:7,Tile:10,Map,Map,Bonus,Tile:7,Tile:13,Destroy,Tile:2,Tile:11,Map,Tile:0,Bonus,Tile:8,Tile:10,Tile:9,Map,Tile:9,Tile:6,Tile:0-Tile:7,Tile:9,Malus,Tile:5,Tile:6,Tile:7,Tile:4-Tile:5,Tile:6,Tile:9,Tile:5,Destroy,Tile:5,Tile:8-Tile:hidden1,Tile:hidden2,Tile:nugget
Tile:7 6 5 1
Tile:5 5 4 0
Tile:7_flip 4 5 1
Tile:6 5 6 0
Tile:6 6 4 1
Tile:9 6 3 0
Tile:14 6 6 1
Tile:5 4 6 0
Tile:8 4 7 1
Tile:5 3 7 0
Tile:1 7 4 1
Tile:8 3 8 0
Tile:9_flip 4 8 1
Tile:8 3 9 0
Drop 5 0 1
Tile:6 2 8 0
Map 12 7 1
Tile:3 2 7 0
Tile:15 3 10 1
Tile:10 3 11 0
Tile:7_flip 1 7 1
Tile:8 1 6 0
Tile:9_flip 4 9 1
Tile:12 2 6 0
Tile:0 2 9 1
Map 12 3 0
Tile:4_flip 3 12 1
Tile:0 0 6 0
Drop 6 0 1
Tile:7 1 5 0
Map 12 3 1
Tile:13 1 9 0
Tile:5 6 2 1
Map 12 5 0
Tile:0 7 3 1
Tile:2 1 8 0
Tile:11_flip 1 10 1
Tile:10 1 11 0
Tile:9_flip 4 4 1
Map 12 7 0
Tile:6_flip 0 10 1
Tile:6 0 5 0
Tile:8 4 3 1
Destroy 2 9 0
Tile:9_flip 0 11 1
Malus 0 0 0
Destroy 7 4 1
Destroy 4 3 0
Drop 0 0 1
Drop 1 0 0
Drop 0 0 1
Drop 1 0 0
Drop 1 0 1
Drop 0 0 0
Drop 0 0 1
GAMEOVER DRAW
# Game ended: Wed Apr 08 20:39:01 EDT 2020
