# Server version 0.08 running on Murko:8123
# Game ID: 62
# Board class: Saboteur.SaboteurBoard
# Timeout: 20000
# First Move Timeout: 30000
# Date: Wed Apr 08 19:48:10 EDT 2020
# Player 1: Player-0, 'RandomPlayer', running on 127.0.0.1
# Player 2: Player-1, '260714814', running on 127.0.0.1
START Player-0 RandomPlayer
START Player-1 260714814
BoardInit:Tile:13,Tile:3,Tile:6,Tile:8,Destroy,Tile:8,Bonus,Tile:9,Tile:6,Tile:11,Tile:5,Tile:5,Tile:7,Malus,Tile:15,Tile:9,Tile:0,Tile:10,Bonus,Map,Tile:9,Tile:8,Tile:0,Destroy,Tile:4,Tile:6,Malus,Tile:7,Tile:5,Bonus,Tile:7,Tile:0,Bonus,Tile:9,Tile:0,Map,Tile:1,Tile:10,Tile:6,Map,Map-Tile:9,Tile:2,Tile:7,Tile:5,Tile:12,Map,Map-Destroy,Tile:8,Tile:6,Tile:8,Tile:14,Tile:7,Tile:10-Tile:hidden2,Tile:nugget,Tile:hidden1
Map 12 3 1
Tile:7_flip 5 6 0
Tile:2_flip 6 5 1
Tile:6_flip 6 6 0
Tile:5 5 4 1
Drop 2 0 0
Tile:13 4 5 1
Tile:8 3 5 0
Tile:9_flip 4 4 1
Tile:14 6 7 0
Tile:6_flip 4 3 1
Tile:8 3 4 0
Tile:12 7 5 1
Drop 6 0 0
GAMEOVER DISCONNECTION Player-0 WINNER 1
# Game ended: Wed Apr 08 19:50:25 EDT 2020
