# Server version 0.08 running on Murko:8123
# Game ID: 56
# Board class: Saboteur.SaboteurBoard
# Timeout: 20000
# First Move Timeout: 30000
# Date: Wed Apr 08 19:20:03 EDT 2020
# Player 1: Player-0, 'RandomPlayer', running on 127.0.0.1
# Player 2: Player-1, '260714814', running on 127.0.0.1
START Player-0 RandomPlayer
START Player-1 260714814
BoardInit:Tile:12,Tile:5,Tile:10,Tile:3,Tile:0,Tile:11,Tile:9,Tile:7,Map,Tile:6,Tile:8,Map,Tile:4,Tile:8,Malus,Tile:2,Tile:1,Map,Bonus,Destroy,Tile:9,Bonus,Tile:6,Tile:5,Map,Destroy,Tile:0,Bonus,Map,Tile:8,Tile:0,Malus,Tile:5,Tile:13,Map,Tile:7,Tile:15,Tile:14,Tile:9,Tile:6,Tile:9-Tile:10,Tile:5,Tile:7,Tile:10,Tile:7,Tile:6,Tile:6-Tile:8,Destroy,Tile:7,Tile:9,Tile:8,Bonus,Tile:0-Tile:hidden2,Tile:hidden1,Tile:nugget
Tile:10 5 4 1
Drop 3 0 0
Tile:6 6 5 1
Tile:8 5 6 0
Tile:5 4 5 1
Tile:8 7 5 0
Tile:10 5 7 1
Tile:11_flip 5 8 0
Tile:7_flip 5 9 1
Tile:0 6 6 0
Drop 3 0 1
Tile:6_flip 8 5 0
Tile:8 6 9 1
Tile:5 6 8 0
Drop 3 0 1
Tile:8 7 9 0
Tile:9_flip 7 8 1
Destroy 5 9 0
Tile:4 6 4 1
Map 12 7 0
Tile:7_flip 6 10 1
Tile:7_flip 5 9 0
Tile:9 4 8 1
Destroy 4 5 0
Drop 2 0 1
Tile:2 7 7 0
Tile:6_flip 9 5 1
Tile:3_flip 4 5 0
Tile:12_flip 4 6 1
Destroy 8 5 0
Drop 3 0 1
Tile:8 8 7 0
Malus 0 0 1
Malus 0 0 0
Drop 3 0 1
Drop 4 0 0
Bonus 0 0 1
Drop 5 0 0
Map 12 3 1
Bonus 0 0 0
Tile:15 4 4 1
Tile:6 7 6 0
Tile:9 9 6 1
Tile:7 4 7 0
Tile:9_flip 8 6 1
Drop 3 0 0
Map 12 3 1
Tile:14_flip 3 7 0
Tile:5_flip 8 9 1
Map 12 7 0
Tile:0 10 5 1
Drop 0 0 0
Map 12 7 1
Drop 0 0 0
