# Server version 0.08 running on Murko:8123
# Game ID: 16
# Board class: Saboteur.SaboteurBoard
# Timeout: 20000
# First Move Timeout: 30000
# Date: Wed Apr 08 14:54:52 EDT 2020
# Player 1: Player-0, 'RandomPlayer', running on 127.0.0.1
# Player 2: Player-1, 'RandomPlayer', running on 127.0.0.1
START Player-0 RandomPlayer
START Player-1 RandomPlayer
BoardInit:Tile:9,Tile:1,Malus,Tile:4,Destroy,Tile:8,Map,Bonus,Tile:8,Tile:7,Map,Tile:15,Tile:9,Tile:9,Tile:6,Tile:6,Tile:9,Tile:5,Tile:8,Map,Tile:12,Tile:10,Tile:5,Bonus,Tile:10,Tile:10,Tile:8,Tile:14,Map,Tile:11,Tile:3,Bonus,Tile:7,Tile:13,Tile:5,Tile:7,Bonus,Destroy,Map,Tile:7,Malus-Tile:0,Tile:6,Tile:7,Tile:9,Tile:2,Tile:0,Tile:0-Tile:5,Tile:0,Tile:8,Map,Tile:6,Tile:6,Destroy-Tile:hidden2,Tile:nugget,Tile:hidden1
Tile:7_flip 5 6 1
Tile:6 6 6 0
Tile:2_flip 7 6 1
Tile:6 4 5 0
Tile:9_flip 8 6 1
Tile:8 6 5 0
Tile:6_flip 7 5 1
Tile:8 8 5 0
Drop 2 0 1
Map 12 7 0
Destroy 5 6 1
Destroy 4 5 0
Tile:9_flip 8 4 1
Tile:1 7 4 0
Drop 2 0 1
Tile:7 8 3 0
Tile:9 5 6 1
Tile:9 5 4 0
Map 12 7 1
Tile:0 7 3 0
Tile:9 5 7 1
Tile:5_flip 9 5 0
Tile:8 6 4 1
Map 12 5 0
Tile:8 8 7 1
Drop 2 0 0
Tile:0 9 7 1
Tile:4 5 3 0
Tile:12_flip 4 5 1
Tile:6_flip 7 7 0
Tile:8 7 8 1
Tile:5 6 3 0
Tile:3_flip 5 8 1
Tile:10 9 4 0
Tile:5_flip 8 8 1
Tile:10 9 3 0
Drop 6 0 1
Tile:13 6 8 0
Tile:7_flip 6 9 1
Destroy 8 7 0
Map 12 5 1
Drop 6 0 0
Tile:6_flip 6 7 1
Tile:7 10 7 0
Drop 4 0 1
Drop 3 0 0
Map 12 5 1
Tile:14 7 9 0
Malus 0 0 1
Bonus 0 0 0
Drop 0 0 1
Drop 0 0 0
Drop 0 0 1
Drop 0 0 0
Drop 0 0 1
GAMEOVER DRAW
# Game ended: Wed Apr 08 14:54:52 EDT 2020
