# Server version 0.08 running on Murko:8123
# Game ID: 42
# Board class: Saboteur.SaboteurBoard
# Timeout: 20000
# First Move Timeout: 30000
# Date: Wed Apr 08 17:39:05 EDT 2020
# Player 1: Player-0, 'RandomPlayer', running on 127.0.0.1
# Player 2: Player-1, '260714814', running on 127.0.0.1
START Player-0 RandomPlayer
START Player-1 260714814
BoardInit:Tile:9,Tile:8,Malus,Tile:5,Tile:6,Tile:7,Tile:10,Destroy,Tile:6,Tile:10,Tile:9,Tile:6,Map,Bonus,Tile:7,Map,Tile:4,Tile:7,Tile:11,Tile:13,Map,Tile:8,Bonus,Tile:7,Tile:9,Tile:6,Tile:8,Tile:0,Tile:9,Tile:8,Tile:5,Tile:3,Malus,Tile:7,Tile:14,Tile:0,Tile:15,Tile:8,Tile:5,Tile:2,Tile:9-Tile:5,Tile:0,Tile:6,Bonus,Destroy,Tile:12,Map-Tile:10,Map,Destroy,Tile:0,Bonus,Map,Tile:1-Tile:hidden1,Tile:nugget,Tile:hidden2
Drop 6 0 1
Map 12 3 0
Tile:6 6 5 1
Tile:0 4 5 0
Tile:9_flip 7 5 1
Drop 4 0 0
Destroy 4 5 1
Tile:7_flip 4 5 0
Tile:6 5 6 1
Tile:10 5 4 0
GAMEOVER DISCONNECTION Player-0 WINNER 1
# Game ended: Wed Apr 08 17:40:37 EDT 2020
