# Server version 0.08 running on Murko:8123
# Game ID: 18
# Board class: Saboteur.SaboteurBoard
# Timeout: 20000
# First Move Timeout: 30000
# Date: Wed Apr 08 14:56:11 EDT 2020
# Player 1: Player-0, 'RandomPlayer', running on 127.0.0.1
# Player 2: Player-1, '260714814', running on 127.0.0.1
START Player-0 RandomPlayer
START Player-1 260714814
BoardInit:Map,Tile:6,Bonus,Tile:8,Tile:9,Tile:9,Tile:8,Map,Tile:9,Bonus,Tile:15,Map,Tile:4,Destroy,Tile:7,Tile:6,Bonus,Tile:0,Map,Malus,Tile:9,Tile:0,Tile:9,Map,Tile:8,Tile:10,Tile:11,Tile:10,Tile:0,Tile:7,Bonus,Tile:8,Tile:3,Tile:12,Destroy,Tile:14,Tile:6,Tile:7,Tile:7,Map,Tile:13-Tile:7,Tile:1,Tile:0,Tile:8,Tile:5,Tile:5,Tile:6-Destroy,Tile:5,Tile:2,Tile:5,Tile:10,Tile:6,Malus-Tile:hidden2,Tile:hidden1,Tile:nugget
Tile:5_flip 6 5 1
Tile:5 5 4 0
Map 12 5 1
Drop 1 0 0
Tile:5_flip 5 6 1
Tile:6_flip 4 5 0
Tile:7 6 4 1
Tile:8 4 6 0
Tile:6 3 5 1
Tile:5_flip 4 7 0
