# Server version 0.08 running on Murko:8123
# Game ID: 24
# Board class: Saboteur.SaboteurBoard
# Timeout: 20000
# First Move Timeout: 30000
# Date: Wed Apr 08 15:38:49 EDT 2020
# Player 1: Player-0, 'RandomPlayer', running on 127.0.0.1
# Player 2: Player-1, 'RandomPlayer', running on 127.0.0.1
START Player-0 RandomPlayer
START Player-1 RandomPlayer
BoardInit:Tile:9,Bonus,Tile:0,Tile:0,Tile:10,Map,Tile:7,Map,Tile:7,Tile:8,Tile:6,Tile:13,Tile:6,Tile:11,Destroy,Malus,Bonus,Tile:0,Tile:7,Tile:6,Tile:10,Bonus,Map,Tile:9,Tile:8,Tile:5,Destroy,Tile:10,Tile:6,Tile:5,Tile:8,Tile:2,Map,Map,Destroy,Tile:1,Map,Tile:4,Bonus,Tile:14,Tile:3-Tile:8,Tile:12,Tile:7,Tile:0,Malus,Tile:7,Tile:8-Tile:6,Tile:5,Tile:15,Tile:9,Tile:9,Tile:5,Tile:9-Tile:nugget,Tile:hidden1,Tile:hidden2
Drop 3 0 1
Tile:6_flip 6 5 0
Tile:8 5 4 1
Tile:5_flip 7 5 0
Tile:0 4 5 1
Tile:9 5 6 0
Tile:9 5 3 1
Tile:5 3 5 0
Tile:7_flip 5 7 1
Map 12 3 0
Tile:7 5 2 1
Tile:9_flip 6 6 0
Tile:6 4 2 1
Tile:0 6 4 0
Tile:7 7 4 1
Tile:9 3 2 0
Destroy 3 5 1
Tile:13 3 1 0
Tile:12 6 3 1
Drop 3 0 0
Tile:8 6 7 1
Map 12 3 0
Tile:7_flip 3 5 1
Tile:6 3 3 0
Tile:6 6 8 1
Tile:9 2 3 0
Tile:8 2 4 1
Tile:5 2 1 0
Drop 4 0 1
Drop 5 0 0
Destroy 3 5 1
Tile:0 5 8 0
Tile:7 3 0 1
Tile:5_flip 2 5 0
Tile:6_flip 7 8 1
Tile:2 1 5 0
Destroy 6 4 1
Tile:1 4 4 0
Tile:10 2 2 1
Drop 6 0 0
Map 12 7 1
Tile:11_flip 4 1 0
Map 12 5 1
Tile:15 7 9 0
Malus 0 0 1
Drop 3 0 0
Drop 3 0 1
Drop 2 0 0
Tile:3_flip 1 4 1
Drop 1 0 0
Tile:8 0 5 1
Bonus 0 0 0
Map 12 3 1
Tile:14 7 7 0
Drop 0 0 1
GAMEOVER DRAW
# Game ended: Wed Apr 08 15:38:50 EDT 2020
