# Server version 0.08 running on Murko:8123
# Game ID: 64
# Board class: Saboteur.SaboteurBoard
# Timeout: 20000
# First Move Timeout: 30000
# Date: Wed Apr 08 19:51:42 EDT 2020
# Player 1: Player-0, 'RandomPlayer', running on 127.0.0.1
# Player 2: Player-1, 'RandomPlayer', running on 127.0.0.1
START Player-0 RandomPlayer
START Player-1 RandomPlayer
BoardInit:Tile:9,Map,Map,Tile:0,Bonus,Tile:7,Tile:1,Tile:9,Map,Tile:8,Map,Tile:7,Bonus,Tile:10,Tile:9,Tile:8,Tile:8,Tile:5,Tile:6,Tile:8,Tile:10,Destroy,Tile:6,Destroy,Tile:15,Map,Malus,Tile:3,Tile:0,Tile:4,Tile:5,Tile:2,Bonus,Tile:0,Tile:6,Tile:9,Tile:10,Tile:8,Malus,Tile:9,Tile:0-Tile:6,Map,Tile:7,Tile:13,Tile:6,Tile:11,Tile:12-Destroy,Tile:7,Bonus,Tile:14,Tile:7,Tile:5,Tile:5-Tile:nugget,Tile:hidden2,Tile:hidden1
Tile:11_flip 5 4 1
Tile:5_flip 5 6 0
Tile:13 4 4 1
Tile:14 6 5 0
Tile:6_flip 5 3 1
Tile:0 3 4 0
Tile:9 2 4 1
Tile:5_flip 2 5 0
Tile:6 6 3 1
Tile:7 7 3 0
Drop 4 0 1
Drop 1 0 0
Map 12 3 1
Tile:7 6 2 0
Drop 1 0 1
Tile:8 4 3 0
Tile:7 2 3 1
Tile:9 4 5 0
Map 12 7 1
Tile:5 4 2 0
Tile:1 5 2 1
Tile:7_flip 3 3 0
Drop 5 0 1
Tile:8 4 6 0
Map 12 7 1
Destroy 2 3 0
Tile:6_flip 3 6 1
Destroy 6 5 0
Tile:8 7 4 1
Drop 0 0 0
Malus 0 0 1
Destroy 2 4 0
Tile:0 2 6 1
Map 12 3 0
Tile:15 3 2 1
Drop 3 0 0
Tile:5 2 4 1
Drop 3 0 0
Tile:6_flip 1 6 1
Drop 6 0 0
Drop 4 0 1
Drop 2 0 0
Tile:10 7 5 1
Drop 1 0 0
Drop 4 0 1
Drop 3 0 0
Tile:9_flip 8 4 1
Drop 0 0 0
Drop 3 0 1
Drop 2 0 0
Drop 0 0 1
Drop 0 0 0
Tile:10 3 7 1
Drop 0 0 0
Drop 0 0 1
GAMEOVER DRAW
# Game ended: Wed Apr 08 19:51:42 EDT 2020
