# Server version 0.08 running on Murko:8123
# Game ID: 45
# Board class: Saboteur.SaboteurBoard
# Timeout: 20000
# First Move Timeout: 30000
# Date: Wed Apr 08 17:43:57 EDT 2020
# Player 1: Player-0, 'RandomPlayer', running on 127.0.0.1
# Player 2: Player-1, '260714814', running on 127.0.0.1
START Player-0 RandomPlayer
START Player-1 260714814
BoardInit:Tile:1,Tile:8,Tile:12,Tile:5,Tile:8,Tile:5,Map,Tile:4,Tile:0,Tile:9,Tile:7,Tile:13,Tile:7,Tile:11,Tile:9,Tile:7,Tile:0,Tile:15,Tile:6,Destroy,Tile:6,Bonus,Tile:10,Tile:8,Tile:8,Tile:14,Tile:8,Malus,Tile:6,Tile:9,Malus,Bonus,Destroy,Tile:9,Tile:7,Tile:3,Tile:5,Tile:7,Map,Bonus,Tile:0-Tile:6,Tile:10,Map,Tile:9,Tile:0,Tile:6,Map-Tile:5,Tile:10,Bonus,Destroy,Map,Tile:2,Map-Tile:hidden2,Tile:nugget,Tile:hidden1
Drop 2 0 1
Drop 2 0 0
Map 12 3 1
Tile:5 4 5 0
Tile:6 4 6 1
Destroy 4 6 0
Tile:9_flip 5 6 1
Tile:8 4 6 0
Tile:10 5 4 1
Tile:2_flip 6 5 0
Tile:12 7 5 1
Tile:5_flip 5 7 0
Drop 3 0 1
Tile:9 3 6 0
Tile:7_flip 4 7 1
Tile:5 5 3 0
Tile:9 6 4 1
Drop 0 0 0
Tile:1 7 4 1
Tile:7 6 3 0
Tile:0 8 4 1
Tile:15 3 5 0
Tile:7 9 4 1
Tile:4 3 4 0
GAMEOVER DISCONNECTION Player-0 WINNER 1
# Game ended: Wed Apr 08 17:47:45 EDT 2020
