# Server version 0.08 running on Murko:8123
# Game ID: 49
# Board class: Saboteur.SaboteurBoard
# Timeout: 20000
# First Move Timeout: 30000
# Date: Wed Apr 08 17:53:25 EDT 2020
# Player 1: Player-0, '260714814', running on 127.0.0.1
# Player 2: Player-1, 'RandomPlayer', running on 127.0.0.1
START Player-0 260714814
START Player-1 RandomPlayer
BoardInit:Tile:8,Destroy,Bonus,Tile:7,Tile:5,Tile:6,Tile:5,Tile:13,Tile:0,Tile:15,Destroy,Tile:9,Tile:0,Tile:12,Tile:10,Map,Map,Tile:7,Tile:8,Bonus,Tile:4,Map,Tile:6,Tile:9,Tile:2,Tile:3,Tile:1,Bonus,Tile:6,Tile:8,Map,Tile:0,Tile:9,Bonus,Tile:14,Tile:8,Tile:6,Malus,Tile:10,Destroy,Tile:5-Tile:6,Tile:10,Tile:7,Malus,Map,Map,Tile:7-Tile:11,Tile:9,Tile:0,Tile:9,Tile:7,Tile:5,Tile:8-Tile:nugget,Tile:hidden1,Tile:hidden2
Tile:7_flip 5 6 1
Tile:9_flip 6 6 0
Map 12 5 1
Tile:9 6 7 0
Tile:6 7 7 1
Tile:11_flip 6 5 0
Drop 2 0 1
Tile:7 6 4 0
Tile:10 7 6 1
Destroy 7 6 0
Tile:7_flip 6 8 1
GAMEOVER USER CANCEL UNDECIDED
# Game ended: Wed Apr 08 17:55:10 EDT 2020
