# Server version 0.08 running on Murko:8123
# Game ID: 12
# Board class: Saboteur.SaboteurBoard
# Timeout: 20000
# First Move Timeout: 30000
# Date: Mon Mar 30 16:43:38 EDT 2020
# Player 1: Player-0, '260714814', running on 127.0.0.1
# Player 2: Player-1, '260714814', running on 127.0.0.1
START Player-0 260714814
START Player-1 260714814
BoardInit:Tile:10,Tile:10,Malus,Tile:11,Tile:6,Destroy,Tile:14,Map,Tile:8,Tile:8,Bonus,Tile:0,Tile:5,Bonus,Tile:10,Tile:13,Tile:0,Tile:7,Tile:8,Tile:0,Tile:7,Tile:9,Tile:7,Tile:6,Tile:8,Map,Tile:9,Tile:15,Tile:9,Map,Tile:6,Tile:2,Destroy,Tile:8,Tile:5,Bonus,Tile:4,Tile:5,Tile:12,Tile:9,Bonus-Tile:6,Malus,Tile:3,Destroy,Map,Tile:5,Tile:6-Tile:0,Tile:9,Tile:7,Map,Tile:1,Tile:7,Map-Tile:hidden1,Tile:hidden2,Tile:nugget
Tile:6 5 6 1
Tile:0 6 5 0
Malus 0 0 1
Map 12 3 0
Tile:3 5 4 1
Map 12 3 0
Destroy 5 4 1
Destroy 5 6 0
Map 12 3 1
Map 12 3 0
Tile:5 5 4 1
Drop 0 0 0
Tile:6 6 4 1
Drop 0 0 0
Tile:10 5 6 1
Bonus 0 0 0
Malus 0 0 1
Drop 0 0 0
Tile:6 4 5 1
Drop 0 0 0
Tile:14 5 7 1
Drop 0 0 0
Tile:8 3 5 1
Drop 0 0 0
Tile:5 3 4 1
Drop 0 0 0
Tile:10 3 6 1
Map 12 3 0
Tile:0 2 5 1
Drop 0 0 0
Tile:8 1 5 1
Map 12 3 0
Tile:7 1 4 1
Drop 0 0 0
Tile:7 4 4 1
Drop 0 0 0
Tile:8 0 4 1
Bonus 0 0 0
Tile:9 0 3 1
Tile:0 1 3 0
Tile:9 0 2 1
Tile:9 0 1 0
Tile:6 1 1 1
Tile:6 0 5 0
Destroy 0 1 1
Tile:15 1 0 0
Tile:5 0 1 1
Tile:2 2 1 0
Tile:4 6 3 1
Tile:8 2 3 0
Tile:12 1 2 1
Tile:5 4 7 0
Drop 0 0 1
Tile:9 2 2 0
Drop 0 0 1
GAMEOVER DRAW
# Game ended: Mon Mar 30 16:43:38 EDT 2020
