# Server version 0.08 running on Murko:8123
# Game ID: 25
# Board class: Saboteur.SaboteurBoard
# Timeout: 20000
# First Move Timeout: 30000
# Date: Wed Apr 08 15:39:12 EDT 2020
# Player 1: Player-0, 'RandomPlayer', running on 127.0.0.1
# Player 2: Player-1, 'RandomPlayer', running on 127.0.0.1
START Player-0 RandomPlayer
START Player-1 RandomPlayer
BoardInit:Tile:14,Tile:0,Map,Tile:7,Destroy,Tile:6,Tile:9,Tile:6,Tile:7,Tile:8,Malus,Tile:7,Destroy,Tile:15,Tile:9,Tile:7,Tile:0,Tile:6,Bonus,Tile:8,Tile:13,Tile:5,Map,Destroy,Map,Map,Tile:3,Tile:10,Tile:9,Tile:10,Tile:9,Tile:10,Tile:1,Malus,Tile:9,Tile:5,Map,Tile:2,Tile:8,Tile:11,Bonus-Tile:12,Bonus,Tile:4,Map,Tile:5,Bonus,Tile:0-Tile:8,Tile:6,Tile:6,Tile:8,Tile:5,Tile:0,Tile:7-Tile:hidden1,Tile:nugget,Tile:hidden2
Tile:12 6 5 1
Drop 3 0 0
Drop 6 0 1
Tile:6 4 5 0
Map 12 3 1
Tile:6 5 6 0
Drop 3 0 1
Tile:7 6 6 0
Tile:4_flip 6 7 1
Tile:0 4 6 0
Tile:5 5 4 1
Tile:5_flip 6 4 0
Tile:0 3 6 1
Tile:7 4 4 0
Destroy 6 7 1
Tile:7_flip 3 4 0
Drop 0 0 1
Tile:6 2 6 0
Tile:9_flip 6 3 1
Tile:15 6 2 0
Tile:7_flip 5 3 1
Drop 4 0 0
Destroy 4 4 1
Tile:6 1 6 0
Drop 4 0 1
Destroy 3 4 0
Tile:9_flip 2 5 1
Tile:5 2 4 0
Drop 2 0 1
Drop 6 0 0
Tile:9 6 1 1
Tile:8 1 5 0
Tile:3_flip 3 5 1
Tile:8 6 0 0
Tile:13 3 4 1
Tile:10 1 4 0
Tile:9_flip 7 1 1
Tile:10 7 2 0
Tile:9_flip 4 4 1
Tile:8 7 0 0
Map 12 7 1
Tile:11 0 6 0
Tile:8 8 0 1
Tile:5 1 3 0
Drop 4 0 1
Drop 3 0 0
Map 12 7 1
Tile:2_flip 2 3 0
Drop 2 0 1
Drop 2 0 0
Drop 1 0 1
Tile:6_flip 9 0 0
Malus 0 0 1
Drop 0 0 0
Drop 0 0 1
GAMEOVER DRAW
# Game ended: Wed Apr 08 15:39:13 EDT 2020
