# Server version 0.08 running on Murko:8123
# Game ID: 68
# Board class: Saboteur.SaboteurBoard
# Timeout: 20000
# First Move Timeout: 30000
# Date: Wed Apr 08 20:02:07 EDT 2020
# Player 1: Player-0, 'RandomPlayer', running on 127.0.0.1
# Player 2: Player-1, '260714814', running on 127.0.0.1
START Player-0 RandomPlayer
START Player-1 260714814
BoardInit:Tile:5,Tile:0,Tile:8,Tile:9,Tile:6,Malus,Malus,Tile:0,Tile:6,Tile:15,Map,Tile:1,Tile:12,Tile:2,Bonus,Tile:11,Tile:7,Bonus,Map,Tile:6,Tile:10,Tile:9,Tile:7,Tile:13,Tile:0,Tile:0,Map,Tile:7,Tile:7,Tile:8,Tile:5,Tile:10,Tile:9,Tile:14,Tile:10,Bonus,Tile:8,Destroy,Tile:9,Tile:4,Tile:5-Map,Tile:6,Tile:7,Map,Tile:3,Tile:8,Tile:5-Tile:9,Destroy,Map,Bonus,Tile:8,Tile:6,Destroy-Tile:hidden2,Tile:nugget,Tile:hidden1
Map 12 3 1
Tile:9 4 5 0
Tile:6_flip 5 4 1
Destroy 4 5 0
Tile:3_flip 4 4 1
Tile:0 6 5 0
Drop 1 0 1
Map 12 5 0
Tile:5 4 5 1
Tile:8 5 6 0
Tile:6_flip 7 5 1
Tile:9 4 6 0
Malus 0 0 1
Bonus 0 0 0
Map 12 5 1
Tile:2 8 5 0
Tile:8 9 5 1
Tile:6 4 7 0
Tile:8 9 4 1
Destroy 4 5 0
Tile:6_flip 9 3 1
Tile:15 8 6 0
Map 12 5 1
Tile:11 8 7 0
Tile:7_flip 3 7 1
Tile:13 8 8 0
Tile:7_flip 8 4 1
Tile:6_flip 4 5 0
Tile:5_flip 10 5 1
Tile:9_flip 4 3 0
Tile:7 3 6 1
Tile:7 9 7 0
Tile:0 2 6 1
Tile:10 8 9 0
Drop 4 0 1
Tile:0 3 5 0
Tile:5_flip 6 4 1
Tile:8 8 3 0
Map 12 5 1
Destroy 6 4 0
Tile:10 4 2 1
Tile:0 3 3 0
Tile:9_flip 5 7 1
Tile:1 6 4 0
Tile:12 7 4 1
Tile:14 9 8 0
Tile:9 2 3 1
Tile:4 8 2 0
Tile:8 10 3 1
Malus 0 0 0
GAMEOVER DISCONNECTION Player-0 WINNER 1
# Game ended: Wed Apr 08 20:10:23 EDT 2020
