# Server version 0.08 running on Murko:8123
# Game ID: 79
# Board class: Saboteur.SaboteurBoard
# Timeout: 20000
# First Move Timeout: 30000
# Date: Wed Apr 08 20:52:38 EDT 2020
# Player 1: Player-0, 'RandomPlayer', running on Murko
# Player 2: Player-1, 'RandomPlayer', running on Murko
START Player-0 RandomPlayer
START Player-1 RandomPlayer
BoardInit:Tile:9,Tile:7,Malus,Tile:10,Tile:8,Tile:9,Tile:11,Tile:5,Tile:9,Tile:10,Tile:5,Tile:0,Tile:7,Malus,Tile:15,Tile:13,Tile:8,Tile:12,Tile:0,Tile:6,Map,Tile:7,Tile:2,Map,Tile:6,Tile:8,Tile:0,Tile:7,Map,Tile:5,Tile:5,Tile:0,Map,Tile:9,Tile:8,Tile:1,Tile:8,Tile:4,Map,Destroy,Tile:6-Bonus,Bonus,Destroy,Destroy,Tile:9,Tile:6,Tile:3-Tile:6,Bonus,Tile:14,Map,Bonus,Tile:10,Tile:7-Tile:hidden2,Tile:hidden1,Tile:nugget
Tile:6_flip 4 5 1
Tile:14_flip 3 5 0
Tile:9 3 6 1
Drop 1 0 0
Destroy 4 5 1
Tile:10 5 6 0
Malus 0 0 1
Drop 2 0 0
Tile:9 5 7 1
Map 12 5 0
Tile:11_flip 6 5 1
Drop 4 0 0
Tile:3 4 6 1
Drop 0 0 0
Tile:9_flip 4 7 1
Drop 5 0 0
Tile:5_flip 5 8 1
Drop 1 0 0
Tile:8 3 7 1
Drop 3 0 0
Tile:0 4 5 1
Drop 2 0 0
Destroy 5 6 1
Drop 3 0 0
Tile:7_flip 6 6 1
Drop 5 0 0
Tile:15 3 8 1
Map 12 5 0
Tile:8 5 4 1
Drop 6 0 0
Tile:0 6 7 1
Drop 1 0 0
Tile:6 7 7 1
Drop 4 0 0
Tile:2 6 4 1
Drop 0 0 0
Tile:8 7 4 1
Drop 4 0 0
Tile:8 7 6 1
Drop 0 0 0
Drop 0 0 1
Destroy 3 8 0
Tile:5_flip 8 4 1
Drop 1 0 0
Tile:6_flip 8 6 1
Drop 3 0 0
Map 12 7 1
Drop 0 0 0
Map 12 5 1
Drop 2 0 0
Map 12 3 1
Drop 0 0 0
Map 12 3 1
Drop 0 0 0
Drop 0 0 1
GAMEOVER DRAW
# Game ended: Wed Apr 08 20:52:39 EDT 2020
