# Server version 0.08 running on Murko:8123
# Game ID: 67
# Board class: Saboteur.SaboteurBoard
# Timeout: 20000
# First Move Timeout: 30000
# Date: Wed Apr 08 19:55:28 EDT 2020
# Player 1: Player-0, 'RandomPlayer', running on 127.0.0.1
# Player 2: Player-1, '260714814', running on 127.0.0.1
START Player-0 RandomPlayer
START Player-1 260714814
BoardInit:Tile:9,Tile:9,Tile:0,Tile:9,Destroy,Bonus,Tile:14,Tile:7,Destroy,Tile:6,Tile:8,Tile:5,Malus,Map,Tile:7,Tile:5,Bonus,Tile:6,Tile:0,Tile:10,Tile:4,Tile:8,Malus,Tile:12,Tile:8,Tile:0,Tile:7,Tile:5,Map,Map,Tile:10,Destroy,Tile:1,Tile:15,Tile:6,Map,Map,Tile:9,Tile:8,Bonus,Tile:10-Tile:6,Tile:9,Tile:11,Tile:3,Tile:5,Tile:2,Tile:0-Tile:8,Tile:7,Tile:13,Tile:7,Bonus,Tile:6,Map-Tile:nugget,Tile:hidden1,Tile:hidden2
Tile:6_flip 6 5 1
Tile:7_flip 6 6 0
Tile:5 5 4 1
Tile:6 4 5 0
Tile:9_flip 4 4 1
Drop 1 0 0
Tile:11_flip 7 5 1
Tile:9_flip 7 4 0
Destroy 6 5 1
Tile:9 3 5 0
Tile:0 6 4 1
Drop 1 0 0
Tile:14_flip 4 3 1
Drop 4 0 0
Tile:8 3 4 1
Drop 2 0 0
Tile:9_flip 7 3 1
Tile:6 2 4 0
Destroy 7 4 1
Tile:6_flip 2 3 0
Tile:2_flip 7 6 1
Tile:5 7 2 0
Tile:0 8 2 1
Map 12 7 0
Drop 4 0 1
Tile:8 9 2 0
Tile:7 8 6 1
Tile:10 9 3 0
Tile:3_flip 1 3 1
Drop 2 0 0
Tile:8 9 1 1
Drop 2 0 0
Malus 0 0 1
Destroy 9 1 0
Tile:4_flip 8 7 1
Bonus 0 0 0
Tile:10 3 6 1
Map 12 3 0
GAMEOVER DISCONNECTION Player-0 WINNER 1
# Game ended: Wed Apr 08 20:02:04 EDT 2020
