# Server version 0.08 running on Murko:8123
# Game ID: 41
# Board class: Saboteur.SaboteurBoard
# Timeout: 20000
# First Move Timeout: 30000
# Date: Wed Apr 08 17:30:11 EDT 2020
# Player 1: Player-0, '260714814', running on 127.0.0.1
# Player 2: Player-1, 'RandomPlayer', running on 127.0.0.1
START Player-0 260714814
START Player-1 RandomPlayer
BoardInit:Tile:8,Tile:10,Map,Tile:3,Bonus,Tile:8,Tile:0,Malus,Tile:15,Tile:11,Tile:0,Tile:6,Tile:9,Tile:8,Tile:7,Map,Destroy,Tile:8,Tile:12,Malus,Tile:4,Tile:7,Tile:9,Map,Tile:7,Destroy,Destroy,Bonus,Tile:2,Tile:0,Tile:10,Tile:5,Tile:13,Tile:9,Map,Tile:6,Tile:9,Tile:1,Bonus,Tile:6,Map-Tile:8,Tile:6,Tile:7,Tile:9,Tile:5,Tile:7,Tile:6-Bonus,Tile:10,Map,Tile:14,Tile:5,Tile:5,Tile:0-Tile:hidden1,Tile:nugget,Tile:hidden2
Tile:6 5 6 1
Drop 2 0 0
Tile:9 4 5 1
Drop 2 0 0
Tile:7 5 4 1
Drop 1 0 0
Drop 4 0 1
Tile:5_flip 6 5 0
Tile:7_flip 4 6 1
Tile:5 6 4 0
Tile:6_flip 6 6 1
Tile:8 4 4 0
Drop 0 0 1
Drop 1 0 0
Tile:9_flip 7 6 1
Drop 4 0 0
Tile:5 4 3 1
Tile:3_flip 3 4 0
Destroy 3 4 1
Tile:10 7 5 0
Tile:12 5 3 1
Tile:8 7 4 0
Tile:15 7 7 1
Tile:7 8 4 0
Drop 0 0 1
Map 12 3 0
Tile:7 7 3 1
Destroy 7 3 0
Drop 6 0 1
Map 12 5 0
Tile:7_flip 3 4 1
Drop 5 0 0
Tile:10 3 3 1
Malus 0 0 0
Drop 0 0 1
Tile:6 7 8 0
Drop 2 0 1
Tile:6 6 8 0
Map 12 5 1
Tile:9 5 8 0
Drop 4 0 1
Tile:8 3 2 0
Map 12 7 1
Tile:5 7 3 0
Drop 4 0 1
Tile:1 4 2 0
Drop 3 0 1
Tile:6_flip 8 8 0
Drop 2 0 1
Tile:0 5 2 0
Drop 0 0 1
Drop 1 0 0
Bonus 0 0 1
Drop 0 0 0
Tile:0 8 3 1
GAMEOVER DRAW
# Game ended: Wed Apr 08 17:38:51 EDT 2020
