# Server version 0.08 running on Murko:8123
# Game ID: 11
# Board class: Saboteur.SaboteurBoard
# Timeout: 20000
# First Move Timeout: 30000
# Date: Mon Mar 30 16:18:50 EDT 2020
# Player 1: Player-0, 'RandomPlayer', running on 127.0.0.1
# Player 2: Player-1, 'RandomPlayer', running on 127.0.0.1
START Player-0 RandomPlayer
START Player-1 RandomPlayer
BoardInit:Tile:0,Tile:5,Destroy,Tile:9,Malus,Tile:0,Tile:15,Bonus,Tile:8,Tile:10,Map,Tile:4,Tile:7,Tile:7,Tile:9,Tile:6,Map,Tile:9,Bonus,Tile:10,Tile:12,Map,Tile:13,Map,Tile:1,Tile:2,Tile:11,Tile:10,Tile:7,Tile:8,Tile:0,Tile:6,Map,Tile:0,Tile:5,Tile:7,Malus,Tile:6,Bonus,Tile:14,Tile:8-Tile:8,Tile:5,Tile:8,Destroy,Destroy,Tile:3,Bonus-Map,Tile:5,Tile:7,Tile:6,Tile:6,Tile:9,Tile:9-Tile:hidden2,Tile:nugget,Tile:hidden1
Tile:8 4 5 1
Tile:6_flip 6 5 0
Tile:3 4 4 1
Tile:9_flip 7 5 0
Destroy 7 5 1
Tile:7 7 5 0
Tile:0 3 4 1
Tile:5 2 4 0
Tile:15 5 4 1
Tile:6 7 6 0
Destroy 4 4 1
Drop 3 0 0
Tile:8 6 6 1
Drop 0 0 0
Tile:7_flip 2 5 1
Tile:7 5 3 0
Tile:9 5 6 1
Tile:6_flip 3 5 0
Tile:8 3 6 1
Tile:9 5 7 0
Tile:5_flip 3 7 1
Tile:5 4 3 0
Destroy 5 6 1
Tile:9_flip 4 4 0
Tile:12_flip 2 6 1
Map 12 5 0
Map 12 7 1
Tile:2_flip 6 7 0
Tile:1 8 6 1
Tile:0 2 7 0
Tile:11_flip 4 6 1
Drop 0 0 0
Map 12 7 1
Tile:10 4 7 0
Map 12 5 1
Map 12 7 0
Tile:0 1 7 1
Tile:6 0 7 0
Tile:7_flip 5 8 1
Tile:6_flip 7 7 0
Drop 4 0 1
Tile:10 4 8 0
Drop 0 0 1
Tile:14 9 6 0
Drop 1 0 1
Tile:0 8 7 0
Tile:8 4 9 1
Tile:10 7 8 0
Malus 0 0 1
Drop 2 0 0
Tile:13 0 6 1
Drop 0 0 0
Malus 0 0 1
Drop 0 0 0
Drop 0 0 1
GAMEOVER DRAW
# Game ended: Mon Mar 30 16:18:50 EDT 2020
