# Server version 0.08 running on Murko:8123
# Game ID: 23
# Board class: Saboteur.SaboteurBoard
# Timeout: 20000
# First Move Timeout: 30000
# Date: Wed Apr 08 15:31:07 EDT 2020
# Player 1: Player-0, 'RandomPlayer', running on 127.0.0.1
# Player 2: Player-1, '260714814', running on 127.0.0.1
START Player-0 RandomPlayer
START Player-1 260714814
BoardInit:Tile:4,Tile:8,Tile:6,Destroy,Tile:7,Destroy,Tile:9,Tile:13,Tile:0,Malus,Tile:6,Tile:6,Bonus,Destroy,Bonus,Tile:8,Map,Tile:8,Tile:10,Tile:10,Tile:8,Tile:11,Tile:6,Map,Malus,Tile:2,Bonus,Map,Tile:5,Tile:0,Tile:7,Tile:5,Tile:9,Tile:8,Tile:7,Tile:9,Tile:7,Tile:3,Tile:14,Tile:6,Tile:10-Map,Tile:7,Tile:15,Tile:1,Tile:12,Tile:5,Map-Tile:0,Bonus,Tile:5,Tile:9,Tile:0,Map,Tile:9-Tile:hidden1,Tile:nugget,Tile:hidden2
Drop 0 0 1
Tile:9_flip 5 6 0
Tile:12 6 5 1
Drop 1 0 0
Tile:7 5 4 1
Tile:8 4 6 0
Tile:6_flip 4 5 1
Drop 4 0 0
Drop 2 0 1
Tile:0 4 4 0
Drop 0 0 1
Tile:13 3 5 0
Tile:6 3 6 1
Destroy 6 5 0
Tile:1 2 6 1
Tile:0 2 5 0
Tile:9 3 4 1
Destroy 3 5 0
Tile:0 1 5 1
Tile:8 4 7 0
Map 12 5 1
Destroy 3 6 0
Tile:8 3 3 1
Tile:8 3 6 0
Map 12 5 1
Map 12 3 0
Tile:7 3 2 1
Tile:2_flip 3 7 0
Tile:6_flip 2 3 1
Drop 2 0 0
Tile:5_flip 6 5 1
Tile:11 6 4 0
Drop 3 0 1
Tile:5_flip 2 4 0
Tile:9_flip 7 4 1
Tile:8 3 5 0
Drop 3 0 1
Tile:9_flip 5 7 0
Drop 3 0 1
Tile:5 1 3 0
Tile:14_flip 6 3 1
Drop 2 0 0
