# Server version 0.08 running on Murko:8123
# Game ID: 37
# Board class: Saboteur.SaboteurBoard
# Timeout: 20000
# First Move Timeout: 30000
# Date: Wed Apr 08 17:23:57 EDT 2020
# Player 1: Player-0, 'RandomPlayer', running on 127.0.0.1
# Player 2: Player-1, '260714814', running on 127.0.0.1
START Player-0 RandomPlayer
START Player-1 260714814
BoardInit:Tile:0,Malus,Tile:0,Tile:8,Tile:0,Tile:7,Bonus,Malus,Tile:5,Tile:8,Bonus,Tile:10,Tile:6,Destroy,Map,Destroy,Tile:6,Map,Map,Tile:5,Tile:3,Map,Map,Tile:6,Tile:8,Tile:10,Tile:15,Tile:10,Bonus,Tile:4,Tile:6,Tile:9,Tile:9,Tile:2,Tile:7,Tile:7,Tile:9,Tile:1,Tile:7,Tile:9,Map-Tile:5,Tile:6,Tile:12,Tile:13,Destroy,Tile:5,Tile:8-Tile:14,Tile:0,Tile:8,Tile:7,Tile:9,Bonus,Tile:11-Tile:hidden1,Tile:hidden2,Tile:nugget
Tile:8 5 4 1
Tile:9 4 5 0
Tile:5 5 3 1
Tile:7_flip 5 6 0
Tile:6_flip 6 4 1
Tile:0 6 6 0
Tile:5_flip 6 3 1
Tile:14_flip 4 4 0
Destroy 5 3 1
Tile:11_flip 7 4 0
Tile:13 7 6 1
Drop 1 0 0
Tile:5 7 3 1
Tile:7 8 3 0
Tile:6_flip 8 6 1
Tile:8 7 5 0
Drop 6 0 1
Destroy 6 4 0
Tile:0 8 5 1
Tile:8 8 7 0
Tile:0 6 5 1
Destroy 7 4 0
GAMEOVER DISCONNECTION Player-0 WINNER 1
# Game ended: Wed Apr 08 17:24:44 EDT 2020
