# Server version 0.08 running on Murko:8123
# Game ID: 22
# Board class: Saboteur.SaboteurBoard
# Timeout: 20000
# First Move Timeout: 30000
# Date: Wed Apr 08 15:16:17 EDT 2020
# Player 1: Player-0, '260714814', running on 127.0.0.1
# Player 2: Player-1, 'RandomPlayer', running on 127.0.0.1
START Player-0 260714814
START Player-1 RandomPlayer
BoardInit:Bonus,Map,Destroy,Tile:5,Tile:8,Tile:7,Tile:0,Tile:9,Tile:7,Tile:13,Tile:5,Map,Bonus,Tile:9,Malus,Tile:12,Tile:10,Tile:6,Tile:6,Bonus,Tile:0,Tile:7,Tile:7,Tile:14,Tile:2,Tile:8,Tile:6,Tile:8,Destroy,Map,Destroy,Tile:0,Tile:9,Map,Tile:5,Tile:15,Map,Tile:6,Tile:10,Tile:4,Bonus-Tile:11,Tile:9,Map,Malus,Tile:6,Tile:8,Tile:9-Tile:3,Tile:10,Tile:5,Tile:8,Tile:1,Tile:0,Tile:7-Tile:hidden2,Tile:hidden1,Tile:nugget
Tile:9 4 5 1
Tile:1 6 5 0
Map 12 5 1
Tile:8 4 6 0
Tile:11_flip 5 6 1
Drop 2 0 0
Tile:9 5 7 1
Tile:7 7 5 0
Tile:8 5 4 1
Tile:10 5 8 0
Destroy 5 4 1
Tile:9_flip 4 7 0
Tile:7 4 4 1
Tile:13 6 7 0
Tile:8 3 7 1
Tile:9_flip 4 8 0
Drop 1 0 1
Tile:7_flip 3 4 0
Malus 0 0 1
Drop 1 0 0
Tile:5 3 6 1
Map 12 7 0
Tile:0 7 7 1
Map 12 5 0
Tile:10 5 4 1
Drop 5 0 0
Malus 0 0 1
Drop 0 0 0
Tile:6 2 7 1
Drop 6 0 0
Tile:2_flip 3 8 1
Drop 3 0 0
Tile:0 2 8 1
Map 12 3 0
Destroy 6 7 1
Drop 3 0 0
Tile:9_flip 2 6 1
Drop 2 0 0
Destroy 4 8 1
Map 12 5 0
Tile:5_flip 7 6 1
Drop 2 0 0
Tile:6_flip 1 7 1
Drop 1 0 0
Drop 1 0 1
Drop 3 0 0
Tile:10 3 3 1
Drop 0 0 0
Drop 1 0 1
Drop 2 0 0
Map 12 3 1
Drop 0 0 0
Drop 1 0 1
Drop 0 0 0
Drop 0 0 1
GAMEOVER DRAW
# Game ended: Wed Apr 08 15:25:17 EDT 2020
