# Server version 0.08 running on Murko:8123
# Game ID: 83
# Board class: Saboteur.SaboteurBoard
# Timeout: 20000
# First Move Timeout: 30000
# Date: Wed Apr 08 21:12:16 EDT 2020
# Player 1: Player-0, 'RandomPlayer', running on Murko
# Player 2: Player-1, 'RandomPlayer', running on Murko
START Player-0 RandomPlayer
START Player-1 RandomPlayer
BoardInit:Tile:7,Map,Tile:8,Tile:14,Map,Tile:5,Tile:9,Tile:0,Tile:7,Tile:6,Tile:5,Destroy,Map,Tile:3,Tile:8,Tile:15,Tile:9,Tile:10,Tile:13,Tile:6,Tile:9,Tile:12,Tile:0,Malus,Tile:1,Tile:11,Tile:10,Tile:2,Tile:6,Tile:4,Tile:9,Bonus,Bonus,Tile:0,Destroy,Tile:9,Malus,Tile:7,Tile:8,Bonus,Tile:10-Tile:7,Map,Bonus,Tile:6,Tile:5,Map,Tile:7-Tile:0,Tile:6,Tile:8,Tile:5,Map,Tile:8,Destroy-Tile:hidden2,Tile:nugget,Tile:hidden1
Tile:7 5 4 1
Map 12 5 0
Tile:5 4 4 1
Drop 1 0 0
Tile:6 6 5 1
Tile:5 6 4 0
Map 12 5 1
Map 12 7 0
Tile:7_flip 5 6 1
Drop 0 0 0
Drop 1 0 1
Tile:6 7 5 0
Tile:8 4 5 1
Drop 2 0 0
Map 12 5 1
Tile:3_flip 3 5 0
Tile:5_flip 8 5 1
Tile:0 6 6 0
Tile:7 7 6 1
Tile:8 7 4 0
Tile:7 3 4 1
Destroy 6 6 0
Tile:9_flip 4 6 1
Tile:6_flip 6 6 0
Drop 2 0 1
Drop 4 0 0
Tile:13 6 7 1
Tile:11_flip 7 7 0
Tile:9 2 4 1
Drop 4 0 0
Map 12 3 1
Tile:5_flip 4 7 0
Tile:6 3 7 1
Malus 0 0 0
Drop 4 0 1
Tile:15 7 3 0
Destroy 7 6 1
Drop 3 0 0
Bonus 0 0 1
Tile:2_flip 2 7 0
Tile:9_flip 6 8 1
Tile:9_flip 8 4 0
Tile:8 5 8 1
Tile:7_flip 7 8 0
Tile:9_flip 2 6 1
Tile:14_flip 5 7 0
Tile:1 4 8 1
Tile:8 5 9 0
Tile:10 2 3 1
Drop 1 0 0
Tile:0 1 7 1
Drop 0 0 0
Malus 0 0 1
Drop 0 0 0
Drop 0 0 1
GAMEOVER DRAW
# Game ended: Wed Apr 08 21:12:17 EDT 2020
