# Server version 0.08 running on Murko:8123
# Game ID: 58
# Board class: Saboteur.SaboteurBoard
# Timeout: 20000
# First Move Timeout: 30000
# Date: Wed Apr 08 19:29:37 EDT 2020
# Player 1: Player-0, 'RandomPlayer', running on 127.0.0.1
# Player 2: Player-1, '260714814', running on 127.0.0.1
START Player-0 RandomPlayer
START Player-1 260714814
BoardInit:Tile:4,Tile:7,Tile:2,Bonus,Tile:8,Map,Tile:14,Tile:0,Tile:3,Tile:7,Tile:12,Tile:5,Tile:13,Tile:9,Map,Destroy,Tile:5,Tile:8,Tile:5,Tile:10,Tile:7,Tile:0,Malus,Tile:9,Map,Tile:0,Tile:8,Tile:7,Tile:10,Malus,Map,Tile:15,Tile:1,Tile:11,Tile:6,Destroy,Tile:8,Map,Tile:10,Map,Bonus-Tile:9,Bonus,Tile:6,Tile:6,Tile:5,Tile:8,Tile:7-Tile:0,Tile:9,Tile:6,Bonus,Tile:6,Destroy,Tile:9-Tile:nugget,Tile:hidden2,Tile:hidden1
Tile:6_flip 5 4 1
Tile:6 6 4 0
Tile:9 5 6 1
Tile:9_flip 6 6 0
Tile:4_flip 6 7 1
Tile:9 6 3 0
Tile:6_flip 6 5 1
Tile:6 7 3 0
Tile:14_flip 6 2 1
Tile:7 8 3 0
Drop 3 0 1
Tile:0 4 4 0
Tile:5_flip 5 7 1
Tile:0 4 7 0
Tile:12 7 5 1
Tile:9_flip 8 4 0
Tile:2 7 2 1
Destroy 5 6 0
Drop 3 0 1
Tile:7_flip 8 5 0
Tile:5 3 7 1
Destroy 6 3 0
Tile:5_flip 8 2 1
Drop 5 0 0
Tile:8 5 6 1
Tile:0 7 4 0
Tile:7_flip 4 6 1
Tile:9 6 3 0
Malus 0 0 1
Drop 2 0 0
Tile:8 3 4 1
Bonus 0 0 0
Map 12 3 1
Tile:7_flip 3 5 0
Drop 3 0 1
Drop 2 0 0
Tile:6 3 8 1
Tile:11_flip 3 3 0
Tile:8 8 1 1
Map 12 5 0
Tile:13 9 5 1
Tile:5_flip 10 5 0
Tile:10 10 4 1
Destroy 3 7 0
Map 12 5 1
Tile:15 8 0 0
Tile:10 9 6 1
Tile:0 2 8 0
